{"/var/www/evabot-backend/frontend/src/ansi.ts": {"path":"/var/www/evabot-backend/frontend/src/ansi.ts","statementMap":{"0":{"start":{"line":15,"column":20},"end":{"line":49,"column":null}},"1":{"start":{"line":55,"column":19},"end":{"line":58,"column":null}},"2":{"start":{"line":61,"column":2},"end":{"line":61,"column":null}},"3":{"start":{"line":65,"column":16},"end":{"line":65,"column":null}},"4":{"start":{"line":66,"column":14},"end":{"line":66,"column":null}},"5":{"start":{"line":67,"column":2},"end":{"line":79,"column":null}},"6":{"start":{"line":68,"column":17},"end":{"line":68,"column":null}},"7":{"start":{"line":69,"column":4},"end":{"line":78,"column":null}},"8":{"start":{"line":75,"column":6},"end":{"line":75,"column":null}},"9":{"start":{"line":77,"column":6},"end":{"line":77,"column":null}},"10":{"start":{"line":80,"column":2},"end":{"line":80,"column":null}},"11":{"start":{"line":84,"column":18},"end":{"line":84,"column":null}},"12":{"start":{"line":85,"column":2},"end":{"line":85,"column":null}},"13":{"start":{"line":85,"column":30},"end":{"line":85,"column":null}},"14":{"start":{"line":86,"column":2},"end":{"line":86,"column":null}},"15":{"start":{"line":90,"column":18},"end":{"line":90,"column":null}},"16":{"start":{"line":91,"column":2},"end":{"line":91,"column":null}},"17":{"start":{"line":91,"column":30},"end":{"line":91,"column":null}},"18":{"start":{"line":92,"column":2},"end":{"line":92,"column":null}},"19":{"start":{"line":99,"column":47},"end":{"line":120,"column":null}},"20":{"start":{"line":123,"column":2},"end":{"line":126,"column":null}},"21":{"start":{"line":130,"column":16},"end":{"line":130,"column":null}},"22":{"start":{"line":132,"column":2},"end":{"line":147,"column":null}},"23":{"start":{"line":133,"column":4},"end":{"line":135,"column":null}},"24":{"start":{"line":134,"column":6},"end":{"line":134,"column":null}},"25":{"start":{"line":136,"column":18},"end":{"line":136,"column":null}},"26":{"start":{"line":137,"column":29},"end":{"line":137,"column":null}},"27":{"start":{"line":138,"column":4},"end":{"line":142,"column":null}},"28":{"start":{"line":139,"column":6},"end":{"line":141,"column":null}},"29":{"start":{"line":140,"column":8},"end":{"line":140,"column":null}},"30":{"start":{"line":143,"column":4},"end":{"line":145,"column":null}},"31":{"start":{"line":144,"column":6},"end":{"line":144,"column":null}},"32":{"start":{"line":146,"column":4},"end":{"line":146,"column":null}},"33":{"start":{"line":149,"column":2},"end":{"line":149,"column":null}},"34":{"start":{"line":159,"column":2},"end":{"line":176,"column":null}},"35":{"start":{"line":164,"column":6},"end":{"line":164,"column":null}},"36":{"start":{"line":169,"column":6},"end":{"line":169,"column":null}},"37":{"start":{"line":173,"column":6},"end":{"line":173,"column":null}},"38":{"start":{"line":175,"column":6},"end":{"line":175,"column":null}},"39":{"start":{"line":180,"column":2},"end":{"line":197,"column":null}},"40":{"start":{"line":185,"column":6},"end":{"line":185,"column":null}},"41":{"start":{"line":190,"column":6},"end":{"line":190,"column":null}},"42":{"start":{"line":194,"column":6},"end":{"line":194,"column":null}},"43":{"start":{"line":196,"column":6},"end":{"line":196,"column":null}},"44":{"start":{"line":201,"column":15},"end":{"line":201,"column":null}},"45":{"start":{"line":202,"column":16},"end":{"line":202,"column":null}},"46":{"start":{"line":203,"column":14},"end":{"line":203,"column":null}},"47":{"start":{"line":204,"column":2},"end":{"line":230,"column":null}},"48":{"start":{"line":205,"column":4},"end":{"line":229,"column":null}},"49":{"start":{"line":209,"column":8},"end":{"line":209,"column":null}},"50":{"start":{"line":210,"column":8},"end":{"line":210,"column":null}},"51":{"start":{"line":214,"column":8},"end":{"line":214,"column":null}},"52":{"start":{"line":215,"column":8},"end":{"line":215,"column":null}},"53":{"start":{"line":219,"column":8},"end":{"line":219,"column":null}},"54":{"start":{"line":220,"column":8},"end":{"line":220,"column":null}},"55":{"start":{"line":222,"column":8},"end":{"line":222,"column":null}},"56":{"start":{"line":223,"column":8},"end":{"line":223,"column":null}},"57":{"start":{"line":225,"column":8},"end":{"line":225,"column":null}},"58":{"start":{"line":226,"column":8},"end":{"line":226,"column":null}},"59":{"start":{"line":228,"column":8},"end":{"line":228,"column":null}},"60":{"start":{"line":231,"column":2},"end":{"line":231,"column":null}},"61":{"start":{"line":235,"column":2},"end":{"line":235,"column":null}},"62":{"start":{"line":239,"column":2},"end":{"line":239,"column":null}},"63":{"start":{"line":243,"column":21},"end":{"line":243,"column":null}},"64":{"start":{"line":244,"column":19},"end":{"line":244,"column":null}},"65":{"start":{"line":245,"column":20},"end":{"line":245,"column":null}},"66":{"start":{"line":246,"column":15},"end":{"line":246,"column":null}},"67":{"start":{"line":247,"column":16},"end":{"line":247,"column":null}},"68":{"start":{"line":248,"column":2},"end":{"line":248,"column":null}},"69":{"start":{"line":252,"column":2},"end":{"line":252,"column":null}},"70":{"start":{"line":256,"column":23},"end":{"line":256,"column":null}},"71":{"start":{"line":257,"column":24},"end":{"line":257,"column":null}},"72":{"start":{"line":258,"column":2},"end":{"line":260,"column":null}},"73":{"start":{"line":261,"column":2},"end":{"line":261,"column":null}},"74":{"start":{"line":262,"column":2},"end":{"line":265,"column":null}},"75":{"start":{"line":263,"column":19},"end":{"line":263,"column":null}},"76":{"start":{"line":264,"column":4},"end":{"line":264,"column":null}},"77":{"start":{"line":266,"column":2},"end":{"line":266,"column":null}},"78":{"start":{"line":267,"column":2},"end":{"line":267,"column":null}},"79":{"start":{"line":271,"column":2},"end":{"line":280,"column":null}},"80":{"start":{"line":273,"column":6},"end":{"line":273,"column":null}},"81":{"start":{"line":275,"column":6},"end":{"line":275,"column":null}},"82":{"start":{"line":277,"column":6},"end":{"line":277,"column":null}},"83":{"start":{"line":279,"column":6},"end":{"line":279,"column":null}},"84":{"start":{"line":284,"column":8},"end":{"line":284,"column":null}},"85":{"start":{"line":285,"column":16},"end":{"line":285,"column":null}},"86":{"start":{"line":286,"column":15},"end":{"line":286,"column":null}},"87":{"start":{"line":287,"column":17},"end":{"line":287,"column":null}},"88":{"start":{"line":288,"column":2},"end":{"line":288,"column":null}},"89":{"start":{"line":320,"column":6},"end":{"line":320,"column":null}},"90":{"start":{"line":321,"column":14},"end":{"line":321,"column":null}},"91":{"start":{"line":322,"column":16},"end":{"line":322,"column":null}},"92":{"start":{"line":324,"column":30},"end":{"line":333,"column":null}},"93":{"start":{"line":325,"column":14},"end":{"line":325,"column":null}},"94":{"start":{"line":326,"column":4},"end":{"line":326,"column":null}},"95":{"start":{"line":326,"column":22},"end":{"line":326,"column":null}},"96":{"start":{"line":327,"column":4},"end":{"line":330,"column":null}},"97":{"start":{"line":328,"column":18},"end":{"line":328,"column":null}},"98":{"start":{"line":329,"column":6},"end":{"line":329,"column":null}},"99":{"start":{"line":331,"column":4},"end":{"line":331,"column":null}},"100":{"start":{"line":331,"column":22},"end":{"line":331,"column":null}},"101":{"start":{"line":332,"column":4},"end":{"line":332,"column":null}},"102":{"start":{"line":335,"column":21},"end":{"line":345,"column":null}},"103":{"start":{"line":336,"column":19},"end":{"line":336,"column":null}},"104":{"start":{"line":337,"column":4},"end":{"line":337,"column":null}},"105":{"start":{"line":337,"column":25},"end":{"line":337,"column":null}},"106":{"start":{"line":338,"column":17},"end":{"line":338,"column":null}},"107":{"start":{"line":339,"column":4},"end":{"line":339,"column":null}},"108":{"start":{"line":339,"column":27},"end":{"line":339,"column":null}},"109":{"start":{"line":340,"column":4},"end":{"line":343,"column":null}},"110":{"start":{"line":341,"column":22},"end":{"line":341,"column":null}},"111":{"start":{"line":342,"column":6},"end":{"line":342,"column":null}},"112":{"start":{"line":344,"column":4},"end":{"line":344,"column":null}},"113":{"start":{"line":347,"column":24},"end":{"line":347,"column":null}},"114":{"start":{"line":348,"column":19},"end":{"line":348,"column":null}},"115":{"start":{"line":348,"column":40},"end":{"line":348,"column":71}},"116":{"start":{"line":349,"column":2},"end":{"line":349,"column":null}},"117":{"start":{"line":351,"column":22},"end":{"line":354,"column":null}},"118":{"start":{"line":352,"column":20},"end":{"line":352,"column":null}},"119":{"start":{"line":353,"column":4},"end":{"line":353,"column":null}},"120":{"start":{"line":355,"column":2},"end":{"line":355,"column":null}},"121":{"start":{"line":357,"column":19},"end":{"line":357,"column":null}},"122":{"start":{"line":357,"column":40},"end":{"line":357,"column":71}},"123":{"start":{"line":358,"column":2},"end":{"line":358,"column":null}},"124":{"start":{"line":360,"column":2},"end":{"line":367,"column":null}},"125":{"start":{"line":361,"column":22},"end":{"line":365,"column":null}},"126":{"start":{"line":362,"column":18},"end":{"line":362,"column":null}},"127":{"start":{"line":363,"column":22},"end":{"line":363,"column":null}},"128":{"start":{"line":364,"column":6},"end":{"line":364,"column":null}},"129":{"start":{"line":366,"column":4},"end":{"line":366,"column":null}},"130":{"start":{"line":369,"column":19},"end":{"line":369,"column":null}},"131":{"start":{"line":369,"column":40},"end":{"line":369,"column":71}},"132":{"start":{"line":370,"column":2},"end":{"line":370,"column":null}},"133":{"start":{"line":372,"column":2},"end":{"line":372,"column":null}},"134":{"start":{"line":393,"column":2},"end":{"line":393,"column":null}},"135":{"start":{"line":397,"column":10},"end":{"line":397,"column":null}},"136":{"start":{"line":398,"column":2},"end":{"line":398,"column":null}},"137":{"start":{"line":398,"column":23},"end":{"line":398,"column":null}},"138":{"start":{"line":399,"column":2},"end":{"line":399,"column":null}},"139":{"start":{"line":403,"column":2},"end":{"line":408,"column":null}},"140":{"start":{"line":413,"column":2},"end":{"line":413,"column":null}},"141":{"start":{"line":424,"column":26},"end":{"line":424,"column":null}},"142":{"start":{"line":425,"column":2},"end":{"line":429,"column":null}},"143":{"start":{"line":426,"column":17},"end":{"line":426,"column":null}},"144":{"start":{"line":427,"column":4},"end":{"line":427,"column":null}},"145":{"start":{"line":428,"column":4},"end":{"line":428,"column":null}},"146":{"start":{"line":430,"column":2},"end":{"line":430,"column":null}},"147":{"start":{"line":445,"column":20},"end":{"line":445,"column":null}},"148":{"start":{"line":446,"column":2},"end":{"line":455,"column":null}},"149":{"start":{"line":460,"column":19},"end":{"line":466,"column":null}},"150":{"start":{"line":463,"column":10},"end":{"line":464,"column":null}},"151":{"start":{"line":468,"column":15},"end":{"line":475,"column":null}},"152":{"start":{"line":468,"column":36},"end":{"line":475,"column":4}},"153":{"start":{"line":477,"column":2},"end":{"line":492,"column":null}},"154":{"start":{"line":503,"column":44},"end":{"line":510,"column":null}},"155":{"start":{"line":511,"column":49},"end":{"line":515,"column":null}},"156":{"start":{"line":517,"column":15},"end":{"line":525,"column":null}},"157":{"start":{"line":517,"column":37},"end":{"line":525,"column":4}},"158":{"start":{"line":527,"column":2},"end":{"line":543,"column":null}},"159":{"start":{"line":548,"column":19},"end":{"line":560,"column":null}},"160":{"start":{"line":561,"column":26},"end":{"line":561,"column":null}},"161":{"start":{"line":562,"column":2},"end":{"line":564,"column":null}},"162":{"start":{"line":563,"column":4},"end":{"line":563,"column":null}},"163":{"start":{"line":565,"column":2},"end":{"line":565,"column":null}},"164":{"start":{"line":566,"column":2},"end":{"line":566,"column":null}},"165":{"start":{"line":567,"column":2},"end":{"line":567,"column":null}},"166":{"start":{"line":571,"column":2},"end":{"line":571,"column":null}},"167":{"start":{"line":575,"column":2},"end":{"line":575,"column":null}},"168":{"start":{"line":579,"column":16},"end":{"line":579,"column":null}},"169":{"start":{"line":580,"column":15},"end":{"line":580,"column":null}},"170":{"start":{"line":580,"column":35},"end":{"line":580,"column":71}},"171":{"start":{"line":581,"column":2},"end":{"line":581,"column":null}},"172":{"start":{"line":585,"column":14},"end":{"line":585,"column":null}},"173":{"start":{"line":586,"column":2},"end":{"line":586,"column":null}},"174":{"start":{"line":586,"column":12},"end":{"line":586,"column":null}},"175":{"start":{"line":587,"column":2},"end":{"line":587,"column":null}},"176":{"start":{"line":587,"column":11},"end":{"line":587,"column":null}},"177":{"start":{"line":588,"column":2},"end":{"line":588,"column":null}},"178":{"start":{"line":604,"column":20},"end":{"line":604,"column":null}},"179":{"start":{"line":606,"column":4},"end":{"line":608,"column":null}},"180":{"start":{"line":609,"column":2},"end":{"line":612,"column":null}},"181":{"start":{"line":610,"column":4},"end":{"line":611,"column":null}},"182":{"start":{"line":613,"column":2},"end":{"line":613,"column":null}},"183":{"start":{"line":629,"column":18},"end":{"line":629,"column":null}},"184":{"start":{"line":630,"column":26},"end":{"line":632,"column":null}},"185":{"start":{"line":633,"column":2},"end":{"line":635,"column":null}},"186":{"start":{"line":634,"column":4},"end":{"line":634,"column":null}},"187":{"start":{"line":636,"column":2},"end":{"line":641,"column":null}},"188":{"start":{"line":637,"column":4},"end":{"line":640,"column":null}},"189":{"start":{"line":642,"column":2},"end":{"line":642,"column":null}},"190":{"start":{"line":643,"column":2},"end":{"line":643,"column":null}},"191":{"start":{"line":647,"column":26},"end":{"line":651,"column":null}},"192":{"start":{"line":652,"column":2},"end":{"line":654,"column":null}},"193":{"start":{"line":653,"column":4},"end":{"line":653,"column":null}},"194":{"start":{"line":655,"column":2},"end":{"line":655,"column":null}},"195":{"start":{"line":656,"column":2},"end":{"line":656,"column":null}},"196":{"start":{"line":657,"column":2},"end":{"line":657,"column":null}},"197":{"start":{"line":677,"column":26},"end":{"line":681,"column":null}},"198":{"start":{"line":682,"column":2},"end":{"line":686,"column":null}},"199":{"start":{"line":683,"column":4},"end":{"line":685,"column":null}},"200":{"start":{"line":687,"column":2},"end":{"line":687,"column":null}},"201":{"start":{"line":688,"column":2},"end":{"line":691,"column":null}},"202":{"start":{"line":692,"column":2},"end":{"line":692,"column":null}},"203":{"start":{"line":693,"column":2},"end":{"line":693,"column":null}},"204":{"start":{"line":697,"column":2},"end":{"line":697,"column":null}},"205":{"start":{"line":701,"column":2},"end":{"line":701,"column":null}},"206":{"start":{"line":705,"column":2},"end":{"line":705,"column":null}},"207":{"start":{"line":721,"column":37},"end":{"line":721,"column":null}},"208":{"start":{"line":724,"column":13},"end":{"line":724,"column":null}},"209":{"start":{"line":725,"column":14},"end":{"line":725,"column":null}},"210":{"start":{"line":726,"column":15},"end":{"line":728,"column":null}},"211":{"start":{"line":729,"column":2},"end":{"line":736,"column":null}},"212":{"start":{"line":741,"column":26},"end":{"line":741,"column":null}},"213":{"start":{"line":742,"column":2},"end":{"line":742,"column":null}},"214":{"start":{"line":743,"column":14},"end":{"line":743,"column":null}},"215":{"start":{"line":744,"column":2},"end":{"line":746,"column":null}},"216":{"start":{"line":747,"column":2},"end":{"line":750,"column":null}},"217":{"start":{"line":751,"column":2},"end":{"line":753,"column":null}},"218":{"start":{"line":754,"column":2},"end":{"line":754,"column":null}},"219":{"start":{"line":755,"column":15},"end":{"line":755,"column":null}},"220":{"start":{"line":756,"column":2},"end":{"line":758,"column":null}},"221":{"start":{"line":759,"column":2},"end":{"line":759,"column":null}},"222":{"start":{"line":760,"column":2},"end":{"line":760,"column":null}},"223":{"start":{"line":764,"column":14},"end":{"line":764,"column":null}},"224":{"start":{"line":765,"column":15},"end":{"line":768,"column":null}},"225":{"start":{"line":767,"column":16},"end":{"line":767,"column":24}},"226":{"start":{"line":769,"column":2},"end":{"line":769,"column":null}},"227":{"start":{"line":773,"column":17},"end":{"line":773,"column":null}},"228":{"start":{"line":774,"column":15},"end":{"line":774,"column":null}},"229":{"start":{"line":774,"column":36},"end":{"line":774,"column":71}},"230":{"start":{"line":775,"column":2},"end":{"line":775,"column":null}},"231":{"start":{"line":778,"column":41},"end":{"line":787,"column":null}}},"fnMap":{"0":{"name":"stripAnsi","decl":{"start":{"line":60,"column":16},"end":{"line":60,"column":26}},"loc":{"start":{"line":60,"column":48},"end":{"line":62,"column":null}},"line":60},"1":{"name":"visibleWidth","decl":{"start":{"line":64,"column":16},"end":{"line":64,"column":29}},"loc":{"start":{"line":64,"column":51},"end":{"line":81,"column":null}},"line":64},"2":{"name":"padEndVisible","decl":{"start":{"line":83,"column":16},"end":{"line":83,"column":30}},"loc":{"start":{"line":83,"column":88},"end":{"line":87,"column":null}},"line":83},"3":{"name":"padStartVisible","decl":{"start":{"line":89,"column":16},"end":{"line":89,"column":32}},"loc":{"start":{"line":89,"column":90},"end":{"line":93,"column":null}},"line":89},"4":{"name":"escapeHtml","decl":{"start":{"line":122,"column":16},"end":{"line":122,"column":27}},"loc":{"start":{"line":122,"column":49},"end":{"line":127,"column":null}},"line":122},"5":{"name":"toHtml","decl":{"start":{"line":129,"column":16},"end":{"line":129,"column":23}},"loc":{"start":{"line":129,"column":49},"end":{"line":150,"column":null}},"line":129},"6":{"name":"(anonymous_6)","decl":{"start":{"line":132,"column":51},"end":{"line":132,"column":52}},"loc":{"start":{"line":132,"column":75},"end":{"line":147,"column":3}},"line":132},"7":{"name":"trafficLightIcon","decl":{"start":{"line":158,"column":16},"end":{"line":158,"column":33}},"loc":{"start":{"line":158,"column":69},"end":{"line":177,"column":null}},"line":158},"8":{"name":"trafficLightColor","decl":{"start":{"line":179,"column":16},"end":{"line":179,"column":34}},"loc":{"start":{"line":179,"column":70},"end":{"line":198,"column":null}},"line":179},"9":{"name":"statusBadge","decl":{"start":{"line":200,"column":16},"end":{"line":200,"column":28}},"loc":{"start":{"line":200,"column":86},"end":{"line":232,"column":null}},"line":200},"10":{"name":"badge","decl":{"start":{"line":234,"column":16},"end":{"line":234,"column":22}},"loc":{"start":{"line":234,"column":71},"end":{"line":236,"column":null}},"line":234},"11":{"name":"divider","decl":{"start":{"line":238,"column":16},"end":{"line":238,"column":24}},"loc":{"start":{"line":238,"column":75},"end":{"line":240,"column":null}},"line":238},"12":{"name":"sectionHeader","decl":{"start":{"line":242,"column":16},"end":{"line":242,"column":30}},"loc":{"start":{"line":242,"column":75},"end":{"line":249,"column":null}},"line":242},"13":{"name":"sectionFooter","decl":{"start":{"line":251,"column":16},"end":{"line":251,"column":30}},"loc":{"start":{"line":251,"column":50},"end":{"line":253,"column":null}},"line":251},"14":{"name":"formatBanner","decl":{"start":{"line":255,"column":16},"end":{"line":255,"column":29}},"loc":{"start":{"line":255,"column":102},"end":{"line":268,"column":null}},"line":255},"15":{"name":"promptSymbol","decl":{"start":{"line":270,"column":16},"end":{"line":270,"column":29}},"loc":{"start":{"line":270,"column":52},"end":{"line":281,"column":null}},"line":270},"16":{"name":"formatPrompt","decl":{"start":{"line":283,"column":16},"end":{"line":283,"column":29}},"loc":{"start":{"line":283,"column":96},"end":{"line":289,"column":null}},"line":283},"17":{"name":"renderTerminalTable","decl":{"start":{"line":311,"column":16},"end":{"line":311,"column":null}},"loc":{"start":{"line":314,"column":10},"end":{"line":373,"column":null}},"line":314},"18":{"name":"(anonymous_18)","decl":{"start":{"line":324,"column":42},"end":{"line":324,"column":43}},"loc":{"start":{"line":324,"column":51},"end":{"line":333,"column":3}},"line":324},"19":{"name":"(anonymous_19)","decl":{"start":{"line":335,"column":21},"end":{"line":335,"column":22}},"loc":{"start":{"line":335,"column":110},"end":{"line":345,"column":null}},"line":335},"20":{"name":"(anonymous_20)","decl":{"start":{"line":348,"column":33},"end":{"line":348,"column":34}},"loc":{"start":{"line":348,"column":40},"end":{"line":348,"column":71}},"line":348},"21":{"name":"(anonymous_21)","decl":{"start":{"line":351,"column":34},"end":{"line":351,"column":35}},"loc":{"start":{"line":351,"column":48},"end":{"line":354,"column":3}},"line":351},"22":{"name":"(anonymous_22)","decl":{"start":{"line":357,"column":33},"end":{"line":357,"column":34}},"loc":{"start":{"line":357,"column":40},"end":{"line":357,"column":71}},"line":357},"23":{"name":"(anonymous_23)","decl":{"start":{"line":361,"column":34},"end":{"line":361,"column":35}},"loc":{"start":{"line":361,"column":48},"end":{"line":365,"column":5}},"line":361},"24":{"name":"(anonymous_24)","decl":{"start":{"line":369,"column":33},"end":{"line":369,"column":34}},"loc":{"start":{"line":369,"column":40},"end":{"line":369,"column":71}},"line":369},"25":{"name":"tierSpan","decl":{"start":{"line":392,"column":9},"end":{"line":392,"column":18}},"loc":{"start":{"line":392,"column":43},"end":{"line":394,"column":null}},"line":392},"26":{"name":"usdPrice","decl":{"start":{"line":396,"column":9},"end":{"line":396,"column":18}},"loc":{"start":{"line":396,"column":39},"end":{"line":400,"column":null}},"line":396},"27":{"name":"renderBootBanner","decl":{"start":{"line":402,"column":16},"end":{"line":402,"column":43}},"loc":{"start":{"line":402,"column":43},"end":{"line":410,"column":null}},"line":402},"28":{"name":"renderDiagnosticsProbe","decl":{"start":{"line":412,"column":16},"end":{"line":412,"column":49}},"loc":{"start":{"line":412,"column":49},"end":{"line":414,"column":null}},"line":412},"29":{"name":"renderDiagnostics","decl":{"start":{"line":423,"column":16},"end":{"line":423,"column":34}},"loc":{"start":{"line":423,"column":67},"end":{"line":431,"column":null}},"line":423},"30":{"name":"renderStatusBar","decl":{"start":{"line":444,"column":16},"end":{"line":444,"column":32}},"loc":{"start":{"line":444,"column":64},"end":{"line":457,"column":null}},"line":444},"31":{"name":"renderModelsTable","decl":{"start":{"line":459,"column":16},"end":{"line":459,"column":34}},"loc":{"start":{"line":459,"column":96},"end":{"line":494,"column":null}},"line":459},"32":{"name":"(anonymous_32)","decl":{"start":{"line":462,"column":8},"end":{"line":462,"column":9}},"loc":{"start":{"line":463,"column":10},"end":{"line":464,"column":null}},"line":463},"33":{"name":"(anonymous_33)","decl":{"start":{"line":468,"column":28},"end":{"line":468,"column":29}},"loc":{"start":{"line":468,"column":36},"end":{"line":475,"column":4}},"line":468},"34":{"name":"renderCompareTable","decl":{"start":{"line":502,"column":16},"end":{"line":502,"column":35}},"loc":{"start":{"line":502,"column":71},"end":{"line":545,"column":null}},"line":502},"35":{"name":"(anonymous_35)","decl":{"start":{"line":517,"column":26},"end":{"line":517,"column":27}},"loc":{"start":{"line":517,"column":37},"end":{"line":525,"column":4}},"line":517},"36":{"name":"renderHelp","decl":{"start":{"line":547,"column":16},"end":{"line":547,"column":37}},"loc":{"start":{"line":547,"column":37},"end":{"line":568,"column":null}},"line":547},"37":{"name":"chatBoxHeader","decl":{"start":{"line":570,"column":16},"end":{"line":570,"column":30}},"loc":{"start":{"line":570,"column":53},"end":{"line":572,"column":null}},"line":570},"38":{"name":"chatBoxFooter","decl":{"start":{"line":574,"column":16},"end":{"line":574,"column":40}},"loc":{"start":{"line":574,"column":40},"end":{"line":576,"column":null}},"line":574},"39":{"name":"renderChatBoxContent","decl":{"start":{"line":578,"column":16},"end":{"line":578,"column":37}},"loc":{"start":{"line":578,"column":77},"end":{"line":582,"column":null}},"line":578},"40":{"name":"(anonymous_40)","decl":{"start":{"line":580,"column":25},"end":{"line":580,"column":26}},"loc":{"start":{"line":580,"column":35},"end":{"line":580,"column":71}},"line":580},"41":{"name":"renderChatBoxWithCost","decl":{"start":{"line":584,"column":16},"end":{"line":584,"column":38}},"loc":{"start":{"line":584,"column":103},"end":{"line":589,"column":null}},"line":584},"42":{"name":"renderCostLine","decl":{"start":{"line":603,"column":16},"end":{"line":603,"column":31}},"loc":{"start":{"line":603,"column":62},"end":{"line":614,"column":null}},"line":603},"43":{"name":"renderConsiliumTurn","decl":{"start":{"line":628,"column":16},"end":{"line":628,"column":36}},"loc":{"start":{"line":628,"column":69},"end":{"line":644,"column":null}},"line":628},"44":{"name":"renderConsensusBox","decl":{"start":{"line":646,"column":16},"end":{"line":646,"column":35}},"loc":{"start":{"line":646,"column":62},"end":{"line":658,"column":null}},"line":646},"45":{"name":"renderAuditBox","decl":{"start":{"line":676,"column":16},"end":{"line":676,"column":31}},"loc":{"start":{"line":676,"column":66},"end":{"line":694,"column":null}},"line":676},"46":{"name":"renderUserLine","decl":{"start":{"line":696,"column":16},"end":{"line":696,"column":31}},"loc":{"start":{"line":696,"column":69},"end":{"line":698,"column":null}},"line":696},"47":{"name":"renderError","decl":{"start":{"line":700,"column":16},"end":{"line":700,"column":28}},"loc":{"start":{"line":700,"column":49},"end":{"line":702,"column":null}},"line":700},"48":{"name":"renderNotice","decl":{"start":{"line":704,"column":16},"end":{"line":704,"column":29}},"loc":{"start":{"line":704,"column":50},"end":{"line":706,"column":null}},"line":704},"49":{"name":"renderDevModeBlock","decl":{"start":{"line":723,"column":16},"end":{"line":723,"column":35}},"loc":{"start":{"line":723,"column":59},"end":{"line":738,"column":null}},"line":723},"50":{"name":"renderConfigBlock","decl":{"start":{"line":740,"column":16},"end":{"line":740,"column":34}},"loc":{"start":{"line":740,"column":68},"end":{"line":761,"column":null}},"line":740},"51":{"name":"renderRawAnsiBlock","decl":{"start":{"line":763,"column":16},"end":{"line":763,"column":35}},"loc":{"start":{"line":763,"column":60},"end":{"line":770,"column":null}},"line":763},"52":{"name":"(anonymous_52)","decl":{"start":{"line":767,"column":9},"end":{"line":767,"column":10}},"loc":{"start":{"line":767,"column":16},"end":{"line":767,"column":24}},"line":767},"53":{"name":"renderOnboardingStep","decl":{"start":{"line":772,"column":16},"end":{"line":772,"column":37}},"loc":{"start":{"line":772,"column":110},"end":{"line":776,"column":null}},"line":772},"54":{"name":"(anonymous_54)","decl":{"start":{"line":774,"column":29},"end":{"line":774,"column":30}},"loc":{"start":{"line":774,"column":36},"end":{"line":774,"column":71}},"line":774}},"branchMap":{"0":{"loc":{"start":{"line":68,"column":17},"end":{"line":68,"column":null}},"type":"binary-expr","locations":[{"start":{"line":68,"column":17},"end":{"line":68,"column":40}},{"start":{"line":68,"column":40},"end":{"line":68,"column":null}}],"line":68},"1":{"loc":{"start":{"line":69,"column":4},"end":{"line":78,"column":null}},"type":"if","locations":[{"start":{"line":69,"column":4},"end":{"line":78,"column":null}},{"start":{"line":76,"column":11},"end":{"line":78,"column":null}}],"line":69},"2":{"loc":{"start":{"line":70,"column":7},"end":{"line":73,"column":null}},"type":"binary-expr","locations":[{"start":{"line":70,"column":7},"end":{"line":70,"column":26}},{"start":{"line":70,"column":26},"end":{"line":70,"column":null}},{"start":{"line":71,"column":7},"end":{"line":71,"column":25}},{"start":{"line":71,"column":25},"end":{"line":71,"column":null}},{"start":{"line":72,"column":7},"end":{"line":72,"column":26}},{"start":{"line":72,"column":26},"end":{"line":72,"column":null}},{"start":{"line":73,"column":7},"end":{"line":73,"column":25}},{"start":{"line":73,"column":25},"end":{"line":73,"column":null}}],"line":70},"3":{"loc":{"start":{"line":83,"column":65},"end":{"line":83,"column":88}},"type":"default-arg","locations":[{"start":{"line":83,"column":75},"end":{"line":83,"column":88}}],"line":83},"4":{"loc":{"start":{"line":85,"column":2},"end":{"line":85,"column":null}},"type":"if","locations":[{"start":{"line":85,"column":2},"end":{"line":85,"column":null}},{"start":{},"end":{}}],"line":85},"5":{"loc":{"start":{"line":89,"column":67},"end":{"line":89,"column":90}},"type":"default-arg","locations":[{"start":{"line":89,"column":77},"end":{"line":89,"column":90}}],"line":89},"6":{"loc":{"start":{"line":91,"column":2},"end":{"line":91,"column":null}},"type":"if","locations":[{"start":{"line":91,"column":2},"end":{"line":91,"column":null}},{"start":{},"end":{}}],"line":91},"7":{"loc":{"start":{"line":133,"column":4},"end":{"line":135,"column":null}},"type":"if","locations":[{"start":{"line":133,"column":4},"end":{"line":135,"column":null}},{"start":{},"end":{}}],"line":133},"8":{"loc":{"start":{"line":139,"column":6},"end":{"line":141,"column":null}},"type":"if","locations":[{"start":{"line":139,"column":6},"end":{"line":141,"column":null}},{"start":{},"end":{}}],"line":139},"9":{"loc":{"start":{"line":143,"column":4},"end":{"line":145,"column":null}},"type":"if","locations":[{"start":{"line":143,"column":4},"end":{"line":145,"column":null}},{"start":{},"end":{}}],"line":143},"10":{"loc":{"start":{"line":159,"column":2},"end":{"line":176,"column":null}},"type":"switch","locations":[{"start":{"line":160,"column":4},"end":{"line":160,"column":null}},{"start":{"line":161,"column":4},"end":{"line":161,"column":null}},{"start":{"line":162,"column":4},"end":{"line":162,"column":null}},{"start":{"line":163,"column":4},"end":{"line":164,"column":null}},{"start":{"line":165,"column":4},"end":{"line":165,"column":null}},{"start":{"line":166,"column":4},"end":{"line":166,"column":null}},{"start":{"line":167,"column":4},"end":{"line":167,"column":null}},{"start":{"line":168,"column":4},"end":{"line":169,"column":null}},{"start":{"line":170,"column":4},"end":{"line":170,"column":null}},{"start":{"line":171,"column":4},"end":{"line":171,"column":null}},{"start":{"line":172,"column":4},"end":{"line":173,"column":null}},{"start":{"line":174,"column":4},"end":{"line":175,"column":null}}],"line":159},"11":{"loc":{"start":{"line":180,"column":2},"end":{"line":197,"column":null}},"type":"switch","locations":[{"start":{"line":181,"column":4},"end":{"line":181,"column":null}},{"start":{"line":182,"column":4},"end":{"line":182,"column":null}},{"start":{"line":183,"column":4},"end":{"line":183,"column":null}},{"start":{"line":184,"column":4},"end":{"line":185,"column":null}},{"start":{"line":186,"column":4},"end":{"line":186,"column":null}},{"start":{"line":187,"column":4},"end":{"line":187,"column":null}},{"start":{"line":188,"column":4},"end":{"line":188,"column":null}},{"start":{"line":189,"column":4},"end":{"line":190,"column":null}},{"start":{"line":191,"column":4},"end":{"line":191,"column":null}},{"start":{"line":192,"column":4},"end":{"line":192,"column":null}},{"start":{"line":193,"column":4},"end":{"line":194,"column":null}},{"start":{"line":195,"column":4},"end":{"line":196,"column":null}}],"line":180},"12":{"loc":{"start":{"line":204,"column":2},"end":{"line":230,"column":null}},"type":"if","locations":[{"start":{"line":204,"column":2},"end":{"line":230,"column":null}},{"start":{},"end":{}}],"line":204},"13":{"loc":{"start":{"line":205,"column":4},"end":{"line":229,"column":null}},"type":"switch","locations":[{"start":{"line":206,"column":6},"end":{"line":206,"column":null}},{"start":{"line":207,"column":6},"end":{"line":207,"column":null}},{"start":{"line":208,"column":6},"end":{"line":210,"column":null}},{"start":{"line":211,"column":6},"end":{"line":211,"column":null}},{"start":{"line":212,"column":6},"end":{"line":212,"column":null}},{"start":{"line":213,"column":6},"end":{"line":215,"column":null}},{"start":{"line":216,"column":6},"end":{"line":216,"column":null}},{"start":{"line":217,"column":6},"end":{"line":217,"column":null}},{"start":{"line":218,"column":6},"end":{"line":220,"column":null}},{"start":{"line":221,"column":6},"end":{"line":223,"column":null}},{"start":{"line":224,"column":6},"end":{"line":226,"column":null}},{"start":{"line":227,"column":6},"end":{"line":228,"column":null}}],"line":205},"14":{"loc":{"start":{"line":234,"column":36},"end":{"line":234,"column":71}},"type":"default-arg","locations":[{"start":{"line":234,"column":52},"end":{"line":234,"column":71}}],"line":234},"15":{"loc":{"start":{"line":238,"column":24},"end":{"line":238,"column":36}},"type":"default-arg","locations":[{"start":{"line":238,"column":31},"end":{"line":238,"column":36}}],"line":238},"16":{"loc":{"start":{"line":238,"column":36},"end":{"line":238,"column":48}},"type":"default-arg","locations":[{"start":{"line":238,"column":44},"end":{"line":238,"column":48}}],"line":238},"17":{"loc":{"start":{"line":238,"column":48},"end":{"line":238,"column":75}},"type":"default-arg","locations":[{"start":{"line":238,"column":56},"end":{"line":238,"column":75}}],"line":238},"18":{"loc":{"start":{"line":242,"column":45},"end":{"line":242,"column":55}},"type":"default-arg","locations":[{"start":{"line":242,"column":51},"end":{"line":242,"column":55}}],"line":242},"19":{"loc":{"start":{"line":242,"column":55},"end":{"line":242,"column":75}},"type":"default-arg","locations":[{"start":{"line":242,"column":63},"end":{"line":242,"column":75}}],"line":242},"20":{"loc":{"start":{"line":244,"column":19},"end":{"line":244,"column":null}},"type":"cond-expr","locations":[{"start":{"line":244,"column":25},"end":{"line":244,"column":42}},{"start":{"line":244,"column":42},"end":{"line":244,"column":null}}],"line":244},"21":{"loc":{"start":{"line":248,"column":96},"end":{"line":248,"column":150}},"type":"cond-expr","locations":[{"start":{"line":248,"column":107},"end":{"line":248,"column":148}},{"start":{"line":248,"column":148},"end":{"line":248,"column":150}}],"line":248},"22":{"loc":{"start":{"line":251,"column":30},"end":{"line":251,"column":50}},"type":"default-arg","locations":[{"start":{"line":251,"column":38},"end":{"line":251,"column":50}}],"line":251},"23":{"loc":{"start":{"line":255,"column":46},"end":{"line":255,"column":82}},"type":"default-arg","locations":[{"start":{"line":255,"column":54},"end":{"line":255,"column":82}}],"line":255},"24":{"loc":{"start":{"line":255,"column":82},"end":{"line":255,"column":102}},"type":"default-arg","locations":[{"start":{"line":255,"column":90},"end":{"line":255,"column":102}}],"line":255},"25":{"loc":{"start":{"line":270,"column":29},"end":{"line":270,"column":52}},"type":"default-arg","locations":[{"start":{"line":270,"column":36},"end":{"line":270,"column":52}}],"line":270},"26":{"loc":{"start":{"line":271,"column":2},"end":{"line":280,"column":null}},"type":"switch","locations":[{"start":{"line":272,"column":4},"end":{"line":273,"column":null}},{"start":{"line":274,"column":4},"end":{"line":275,"column":null}},{"start":{"line":276,"column":4},"end":{"line":277,"column":null}},{"start":{"line":278,"column":4},"end":{"line":279,"column":null}}],"line":271},"27":{"loc":{"start":{"line":284,"column":16},"end":{"line":284,"column":40}},"type":"binary-expr","locations":[{"start":{"line":284,"column":16},"end":{"line":284,"column":32}},{"start":{"line":284,"column":32},"end":{"line":284,"column":40}}],"line":284},"28":{"loc":{"start":{"line":285,"column":16},"end":{"line":285,"column":null}},"type":"cond-expr","locations":[{"start":{"line":285,"column":32},"end":{"line":285,"column":56}},{"start":{"line":285,"column":56},"end":{"line":285,"column":null}}],"line":285},"29":{"loc":{"start":{"line":286,"column":15},"end":{"line":286,"column":null}},"type":"cond-expr","locations":[{"start":{"line":286,"column":70},"end":{"line":286,"column":93}},{"start":{"line":286,"column":93},"end":{"line":286,"column":null}}],"line":286},"30":{"loc":{"start":{"line":286,"column":15},"end":{"line":286,"column":70}},"type":"binary-expr","locations":[{"start":{"line":286,"column":15},"end":{"line":286,"column":31}},{"start":{"line":286,"column":31},"end":{"line":286,"column":70}}],"line":286},"31":{"loc":{"start":{"line":317,"column":4},"end":{"line":317,"column":null}},"type":"default-arg","locations":[{"start":{"line":317,"column":18},"end":{"line":317,"column":null}}],"line":317},"32":{"loc":{"start":{"line":318,"column":4},"end":{"line":318,"column":null}},"type":"default-arg","locations":[{"start":{"line":318,"column":18},"end":{"line":318,"column":null}}],"line":318},"33":{"loc":{"start":{"line":319,"column":4},"end":{"line":319,"column":null}},"type":"default-arg","locations":[{"start":{"line":319,"column":14},"end":{"line":319,"column":null}}],"line":319},"34":{"loc":{"start":{"line":326,"column":4},"end":{"line":326,"column":null}},"type":"if","locations":[{"start":{"line":326,"column":4},"end":{"line":326,"column":null}},{"start":{},"end":{}}],"line":326},"35":{"loc":{"start":{"line":328,"column":18},"end":{"line":328,"column":null}},"type":"cond-expr","locations":[{"start":{"line":328,"column":31},"end":{"line":328,"column":73}},{"start":{"line":328,"column":73},"end":{"line":328,"column":null}}],"line":328},"36":{"loc":{"start":{"line":328,"column":80},"end":{"line":328,"column":108}},"type":"binary-expr","locations":[{"start":{"line":328,"column":80},"end":{"line":328,"column":106}},{"start":{"line":328,"column":106},"end":{"line":328,"column":108}}],"line":328},"37":{"loc":{"start":{"line":331,"column":4},"end":{"line":331,"column":null}},"type":"if","locations":[{"start":{"line":331,"column":4},"end":{"line":331,"column":null}},{"start":{},"end":{}}],"line":331},"38":{"loc":{"start":{"line":335,"column":54},"end":{"line":335,"column":110}},"type":"default-arg","locations":[{"start":{"line":335,"column":91},"end":{"line":335,"column":110}}],"line":335},"39":{"loc":{"start":{"line":337,"column":4},"end":{"line":337,"column":null}},"type":"if","locations":[{"start":{"line":337,"column":4},"end":{"line":337,"column":null}},{"start":{},"end":{}}],"line":337},"40":{"loc":{"start":{"line":339,"column":4},"end":{"line":339,"column":null}},"type":"if","locations":[{"start":{"line":339,"column":4},"end":{"line":339,"column":null}},{"start":{},"end":{}}],"line":339},"41":{"loc":{"start":{"line":340,"column":4},"end":{"line":343,"column":null}},"type":"if","locations":[{"start":{"line":340,"column":4},"end":{"line":343,"column":null}},{"start":{},"end":{}}],"line":340},"42":{"loc":{"start":{"line":352,"column":59},"end":{"line":352,"column":78}},"type":"binary-expr","locations":[{"start":{"line":352,"column":59},"end":{"line":352,"column":72}},{"start":{"line":352,"column":72},"end":{"line":352,"column":78}}],"line":352},"43":{"loc":{"start":{"line":362,"column":18},"end":{"line":362,"column":null}},"type":"cond-expr","locations":[{"start":{"line":362,"column":31},"end":{"line":362,"column":73}},{"start":{"line":362,"column":73},"end":{"line":362,"column":null}}],"line":362},"44":{"loc":{"start":{"line":362,"column":80},"end":{"line":362,"column":108}},"type":"binary-expr","locations":[{"start":{"line":362,"column":80},"end":{"line":362,"column":106}},{"start":{"line":362,"column":106},"end":{"line":362,"column":108}}],"line":362},"45":{"loc":{"start":{"line":363,"column":54},"end":{"line":363,"column":73}},"type":"binary-expr","locations":[{"start":{"line":363,"column":54},"end":{"line":363,"column":67}},{"start":{"line":363,"column":67},"end":{"line":363,"column":73}}],"line":363},"46":{"loc":{"start":{"line":393,"column":9},"end":{"line":393,"column":null}},"type":"cond-expr","locations":[{"start":{"line":393,"column":18},"end":{"line":393,"column":55}},{"start":{"line":393,"column":55},"end":{"line":393,"column":null}}],"line":393},"47":{"loc":{"start":{"line":398,"column":2},"end":{"line":398,"column":null}},"type":"if","locations":[{"start":{"line":398,"column":2},"end":{"line":398,"column":null}},{"start":{},"end":{}}],"line":398},"48":{"loc":{"start":{"line":426,"column":17},"end":{"line":426,"column":null}},"type":"cond-expr","locations":[{"start":{"line":426,"column":45},"end":{"line":426,"column":80}},{"start":{"line":426,"column":80},"end":{"line":426,"column":null}}],"line":426},"49":{"loc":{"start":{"line":445,"column":20},"end":{"line":445,"column":null}},"type":"cond-expr","locations":[{"start":{"line":445,"column":34},"end":{"line":445,"column":71}},{"start":{"line":445,"column":71},"end":{"line":445,"column":null}}],"line":445},"50":{"loc":{"start":{"line":460,"column":19},"end":{"line":466,"column":null}},"type":"cond-expr","locations":[{"start":{"line":461,"column":6},"end":{"line":465,"column":null}},{"start":{"line":466,"column":6},"end":{"line":466,"column":null}}],"line":460},"51":{"loc":{"start":{"line":463,"column":10},"end":{"line":464,"column":null}},"type":"binary-expr","locations":[{"start":{"line":463,"column":10},"end":{"line":463,"column":null}},{"start":{"line":464,"column":10},"end":{"line":464,"column":null}}],"line":463},"52":{"loc":{"start":{"line":470,"column":14},"end":{"line":470,"column":null}},"type":"binary-expr","locations":[{"start":{"line":470,"column":14},"end":{"line":470,"column":28}},{"start":{"line":470,"column":28},"end":{"line":470,"column":null}}],"line":470},"53":{"loc":{"start":{"line":471,"column":18},"end":{"line":471,"column":42}},"type":"binary-expr","locations":[{"start":{"line":471,"column":18},"end":{"line":471,"column":37}},{"start":{"line":471,"column":37},"end":{"line":471,"column":42}}],"line":471},"54":{"loc":{"start":{"line":473,"column":25},"end":{"line":473,"column":62}},"type":"binary-expr","locations":[{"start":{"line":473,"column":25},"end":{"line":473,"column":59}},{"start":{"line":473,"column":59},"end":{"line":473,"column":62}}],"line":473},"55":{"loc":{"start":{"line":474,"column":26},"end":{"line":474,"column":64}},"type":"binary-expr","locations":[{"start":{"line":474,"column":26},"end":{"line":474,"column":61}},{"start":{"line":474,"column":61},"end":{"line":474,"column":64}}],"line":474},"56":{"loc":{"start":{"line":520,"column":9},"end":{"line":520,"column":null}},"type":"binary-expr","locations":[{"start":{"line":520,"column":9},"end":{"line":520,"column":28}},{"start":{"line":520,"column":28},"end":{"line":520,"column":null}}],"line":520},"57":{"loc":{"start":{"line":521,"column":14},"end":{"line":521,"column":null}},"type":"binary-expr","locations":[{"start":{"line":521,"column":14},"end":{"line":521,"column":38}},{"start":{"line":521,"column":38},"end":{"line":521,"column":null}}],"line":521},"58":{"loc":{"start":{"line":523,"column":22},"end":{"line":523,"column":59}},"type":"binary-expr","locations":[{"start":{"line":523,"column":22},"end":{"line":523,"column":56}},{"start":{"line":523,"column":56},"end":{"line":523,"column":59}}],"line":523},"59":{"loc":{"start":{"line":524,"column":23},"end":{"line":524,"column":61}},"type":"binary-expr","locations":[{"start":{"line":524,"column":23},"end":{"line":524,"column":58}},{"start":{"line":524,"column":58},"end":{"line":524,"column":61}}],"line":524},"60":{"loc":{"start":{"line":578,"column":51},"end":{"line":578,"column":77}},"type":"default-arg","locations":[{"start":{"line":578,"column":59},"end":{"line":578,"column":77}}],"line":578},"61":{"loc":{"start":{"line":586,"column":2},"end":{"line":586,"column":null}},"type":"if","locations":[{"start":{"line":586,"column":2},"end":{"line":586,"column":null}},{"start":{},"end":{}}],"line":586},"62":{"loc":{"start":{"line":587,"column":2},"end":{"line":587,"column":null}},"type":"if","locations":[{"start":{"line":587,"column":2},"end":{"line":587,"column":null}},{"start":{},"end":{}}],"line":587},"63":{"loc":{"start":{"line":604,"column":20},"end":{"line":604,"column":null}},"type":"cond-expr","locations":[{"start":{"line":604,"column":38},"end":{"line":604,"column":81}},{"start":{"line":604,"column":81},"end":{"line":604,"column":null}}],"line":604},"64":{"loc":{"start":{"line":609,"column":2},"end":{"line":612,"column":null}},"type":"if","locations":[{"start":{"line":609,"column":2},"end":{"line":612,"column":null}},{"start":{},"end":{}}],"line":609},"65":{"loc":{"start":{"line":609,"column":6},"end":{"line":609,"column":64}},"type":"binary-expr","locations":[{"start":{"line":609,"column":6},"end":{"line":609,"column":25}},{"start":{"line":609,"column":25},"end":{"line":609,"column":64}}],"line":609},"66":{"loc":{"start":{"line":611,"column":118},"end":{"line":611,"column":160}},"type":"binary-expr","locations":[{"start":{"line":611,"column":118},"end":{"line":611,"column":157}},{"start":{"line":611,"column":157},"end":{"line":611,"column":160}}],"line":611},"67":{"loc":{"start":{"line":629,"column":18},"end":{"line":629,"column":null}},"type":"cond-expr","locations":[{"start":{"line":629,"column":36},"end":{"line":629,"column":73}},{"start":{"line":629,"column":73},"end":{"line":629,"column":null}}],"line":629},"68":{"loc":{"start":{"line":636,"column":2},"end":{"line":641,"column":null}},"type":"if","locations":[{"start":{"line":636,"column":2},"end":{"line":641,"column":null}},{"start":{},"end":{}}],"line":636},"69":{"loc":{"start":{"line":638,"column":36},"end":{"line":638,"column":58}},"type":"binary-expr","locations":[{"start":{"line":638,"column":36},"end":{"line":638,"column":57}},{"start":{"line":638,"column":57},"end":{"line":638,"column":58}}],"line":638},"70":{"loc":{"start":{"line":638,"column":69},"end":{"line":638,"column":95}},"type":"binary-expr","locations":[{"start":{"line":638,"column":69},"end":{"line":638,"column":94}},{"start":{"line":638,"column":94},"end":{"line":638,"column":95}}],"line":638},"71":{"loc":{"start":{"line":639,"column":17},"end":{"line":639,"column":40}},"type":"binary-expr","locations":[{"start":{"line":639,"column":17},"end":{"line":639,"column":38}},{"start":{"line":639,"column":38},"end":{"line":639,"column":40}}],"line":639},"72":{"loc":{"start":{"line":639,"column":46},"end":{"line":639,"column":69}},"type":"binary-expr","locations":[{"start":{"line":639,"column":46},"end":{"line":639,"column":67}},{"start":{"line":639,"column":67},"end":{"line":639,"column":69}}],"line":639},"73":{"loc":{"start":{"line":682,"column":18},"end":{"line":682,"column":40}},"type":"binary-expr","locations":[{"start":{"line":682,"column":18},"end":{"line":682,"column":36}},{"start":{"line":682,"column":36},"end":{"line":682,"column":40}}],"line":682},"74":{"loc":{"start":{"line":726,"column":15},"end":{"line":728,"column":null}},"type":"cond-expr","locations":[{"start":{"line":727,"column":6},"end":{"line":727,"column":null}},{"start":{"line":728,"column":6},"end":{"line":728,"column":null}}],"line":726},"75":{"loc":{"start":{"line":731,"column":51},"end":{"line":731,"column":73}},"type":"cond-expr","locations":[{"start":{"line":731,"column":65},"end":{"line":731,"column":70}},{"start":{"line":731,"column":70},"end":{"line":731,"column":73}}],"line":731},"76":{"loc":{"start":{"line":732,"column":51},"end":{"line":732,"column":73}},"type":"cond-expr","locations":[{"start":{"line":732,"column":65},"end":{"line":732,"column":70}},{"start":{"line":732,"column":70},"end":{"line":732,"column":73}}],"line":732},"77":{"loc":{"start":{"line":742,"column":43},"end":{"line":742,"column":77}},"type":"binary-expr","locations":[{"start":{"line":742,"column":43},"end":{"line":742,"column":62}},{"start":{"line":742,"column":62},"end":{"line":742,"column":77}}],"line":742},"78":{"loc":{"start":{"line":742,"column":106},"end":{"line":742,"column":123}},"type":"binary-expr","locations":[{"start":{"line":742,"column":106},"end":{"line":742,"column":121}},{"start":{"line":742,"column":121},"end":{"line":742,"column":123}}],"line":742},"79":{"loc":{"start":{"line":742,"column":148},"end":{"line":742,"column":165}},"type":"binary-expr","locations":[{"start":{"line":742,"column":148},"end":{"line":742,"column":162}},{"start":{"line":742,"column":162},"end":{"line":742,"column":165}}],"line":742},"80":{"loc":{"start":{"line":745,"column":42},"end":{"line":745,"column":104}},"type":"binary-expr","locations":[{"start":{"line":745,"column":42},"end":{"line":745,"column":54}},{"start":{"line":745,"column":54},"end":{"line":745,"column":104}}],"line":745},"81":{"loc":{"start":{"line":745,"column":111},"end":{"line":745,"column":146}},"type":"binary-expr","locations":[{"start":{"line":745,"column":111},"end":{"line":745,"column":130}},{"start":{"line":745,"column":130},"end":{"line":745,"column":146}}],"line":745},"82":{"loc":{"start":{"line":745,"column":163},"end":{"line":745,"column":213}},"type":"binary-expr","locations":[{"start":{"line":745,"column":163},"end":{"line":745,"column":189}},{"start":{"line":745,"column":189},"end":{"line":745,"column":213}}],"line":745},"83":{"loc":{"start":{"line":748,"column":53},"end":{"line":748,"column":133}},"type":"cond-expr","locations":[{"start":{"line":748,"column":67},"end":{"line":748,"column":102}},{"start":{"line":748,"column":102},"end":{"line":748,"column":133}}],"line":748},"84":{"loc":{"start":{"line":749,"column":27},"end":{"line":749,"column":50}},"type":"binary-expr","locations":[{"start":{"line":749,"column":27},"end":{"line":749,"column":47}},{"start":{"line":749,"column":47},"end":{"line":749,"column":50}}],"line":749},"85":{"loc":{"start":{"line":749,"column":56},"end":{"line":749,"column":80}},"type":"binary-expr","locations":[{"start":{"line":749,"column":56},"end":{"line":749,"column":79}},{"start":{"line":749,"column":79},"end":{"line":749,"column":80}}],"line":749},"86":{"loc":{"start":{"line":752,"column":41},"end":{"line":752,"column":84}},"type":"cond-expr","locations":[{"start":{"line":752,"column":62},"end":{"line":752,"column":74}},{"start":{"line":752,"column":74},"end":{"line":752,"column":84}}],"line":752},"87":{"loc":{"start":{"line":752,"column":99},"end":{"line":752,"column":133}},"type":"binary-expr","locations":[{"start":{"line":752,"column":99},"end":{"line":752,"column":127}},{"start":{"line":752,"column":127},"end":{"line":752,"column":133}}],"line":752},"88":{"loc":{"start":{"line":754,"column":55},"end":{"line":754,"column":85}},"type":"binary-expr","locations":[{"start":{"line":754,"column":55},"end":{"line":754,"column":81}},{"start":{"line":754,"column":81},"end":{"line":754,"column":85}}],"line":754},"89":{"loc":{"start":{"line":755,"column":15},"end":{"line":755,"column":null}},"type":"binary-expr","locations":[{"start":{"line":755,"column":15},"end":{"line":755,"column":40}},{"start":{"line":755,"column":40},"end":{"line":755,"column":null}}],"line":755},"90":{"loc":{"start":{"line":757,"column":147},"end":{"line":757,"column":176}},"type":"binary-expr","locations":[{"start":{"line":757,"column":147},"end":{"line":757,"column":173}},{"start":{"line":757,"column":173},"end":{"line":757,"column":176}}],"line":757}},"s":{"0":2,"1":2,"2":65,"3":61,"4":61,"5":61,"6":1180,"7":1180,"8":2,"9":1178,"10":61,"11":2,"12":2,"13":0,"14":2,"15":1,"16":1,"17":0,"18":1,"19":2,"20":4,"21":3,"22":3,"23":6,"24":2,"25":4,"26":4,"27":4,"28":4,"29":3,"30":4,"31":3,"32":1,"33":3,"34":4,"35":1,"36":1,"37":1,"38":1,"39":0,"40":0,"41":0,"42":0,"43":0,"44":0,"45":0,"46":0,"47":0,"48":0,"49":0,"50":0,"51":0,"52":0,"53":0,"54":0,"55":0,"56":0,"57":0,"58":0,"59":0,"60":0,"61":0,"62":17,"63":17,"64":17,"65":17,"66":17,"67":17,"68":17,"69":0,"70":0,"71":0,"72":0,"73":0,"74":0,"75":0,"76":0,"77":0,"78":0,"79":0,"80":0,"81":0,"82":0,"83":0,"84":0,"85":0,"86":0,"87":0,"88":0,"89":2,"90":2,"91":2,"92":2,"93":4,"94":4,"95":3,"96":4,"97":6,"98":6,"99":4,"100":0,"101":4,"102":2,"103":10,"104":10,"105":2,"106":8,"107":8,"108":3,"109":5,"110":0,"111":0,"112":5,"113":2,"114":2,"115":4,"116":2,"117":2,"118":4,"119":4,"120":2,"121":2,"122":4,"123":2,"124":2,"125":3,"126":6,"127":6,"128":6,"129":3,"130":2,"131":4,"132":2,"133":2,"134":0,"135":0,"136":0,"137":0,"138":0,"139":0,"140":0,"141":0,"142":0,"143":0,"144":0,"145":0,"146":0,"147":0,"148":0,"149":0,"150":0,"151":0,"152":0,"153":0,"154":0,"155":0,"156":0,"157":0,"158":0,"159":0,"160":0,"161":0,"162":0,"163":0,"164":0,"165":0,"166":0,"167":0,"168":0,"169":0,"170":0,"171":0,"172":0,"173":0,"174":0,"175":0,"176":0,"177":0,"178":0,"179":0,"180":0,"181":0,"182":0,"183":0,"184":0,"185":0,"186":0,"187":0,"188":0,"189":0,"190":0,"191":0,"192":0,"193":0,"194":0,"195":0,"196":0,"197":0,"198":0,"199":0,"200":0,"201":0,"202":0,"203":0,"204":0,"205":1,"206":1,"207":2,"208":0,"209":0,"210":0,"211":0,"212":0,"213":0,"214":0,"215":0,"216":0,"217":0,"218":0,"219":0,"220":0,"221":0,"222":0,"223":0,"224":0,"225":0,"226":0,"227":16,"228":16,"229":43,"230":16,"231":2},"f":{"0":65,"1":61,"2":2,"3":1,"4":4,"5":3,"6":6,"7":4,"8":0,"9":0,"10":0,"11":17,"12":17,"13":0,"14":0,"15":0,"16":0,"17":2,"18":4,"19":10,"20":4,"21":4,"22":4,"23":6,"24":4,"25":0,"26":0,"27":0,"28":0,"29":0,"30":0,"31":0,"32":0,"33":0,"34":0,"35":0,"36":0,"37":0,"38":0,"39":0,"40":0,"41":0,"42":0,"43":0,"44":0,"45":0,"46":0,"47":1,"48":1,"49":0,"50":0,"51":0,"52":0,"53":16,"54":43},"b":{"0":[1180,0],"1":[2,1178],"2":[1180,0,1180,2,1180,0,1180,2],"3":[2],"4":[0,2],"5":[1],"6":[0,1],"7":[2,4],"8":[3,1],"9":[3,1],"10":[0,0,1,1,0,1,1,1,0,1,1,1],"11":[0,0,0,0,0,0,0,0,0,0,0,0],"12":[0,0],"13":[0,0,0,0,0,0,0,0,0,0,0,0],"14":[0],"15":[17],"16":[17],"17":[17],"18":[17],"19":[17],"20":[17,0],"21":[17,0],"22":[0],"23":[0],"24":[0],"25":[0],"26":[0,0,0,0],"27":[0,0],"28":[0,0],"29":[0,0],"30":[0,0],"31":[2],"32":[2],"33":[2],"34":[3,1],"35":[1,5],"36":[5,0],"37":[0,4],"38":[10],"39":[2,8],"40":[3,5],"41":[0,5],"42":[4,3],"43":[1,5],"44":[5,0],"45":[6,4],"46":[0,0],"47":[0,0],"48":[0,0],"49":[0,0],"50":[0,0],"51":[0,0],"52":[0,0],"53":[0,0],"54":[0,0],"55":[0,0],"56":[0,0],"57":[0,0],"58":[0,0],"59":[0,0],"60":[0],"61":[0,0],"62":[0,0],"63":[0,0],"64":[0,0],"65":[0,0],"66":[0,0],"67":[0,0],"68":[0,0],"69":[0,0],"70":[0,0],"71":[0,0],"72":[0,0],"73":[0,0],"74":[0,0],"75":[0,0],"76":[0,0],"77":[0,0],"78":[0,0],"79":[0,0],"80":[0,0],"81":[0,0],"82":[0,0],"83":[0,0],"84":[0,0],"85":[0,0],"86":[0,0],"87":[0,0],"88":[0,0],"89":[0,0],"90":[0,0]},"meta":{"lastBranch":91,"lastFunction":55,"lastStatement":232,"seen":{"s:15:20:49:Infinity":0,"s:55:19:58:Infinity":1,"f:60:16:60:26":0,"s:61:2:61:Infinity":2,"f:64:16:64:29":1,"s:65:16:65:Infinity":3,"s:66:14:66:Infinity":4,"s:67:2:79:Infinity":5,"s:68:17:68:Infinity":6,"b:68:17:68:40:68:40:68:Infinity":0,"b:69:4:78:Infinity:76:11:78:Infinity":1,"s:69:4:78:Infinity":7,"b:70:7:70:26:70:26:70:Infinity:71:7:71:25:71:25:71:Infinity:72:7:72:26:72:26:72:Infinity:73:7:73:25:73:25:73:Infinity":2,"s:75:6:75:Infinity":8,"s:77:6:77:Infinity":9,"s:80:2:80:Infinity":10,"f:83:16:83:30":2,"b:83:75:83:88":3,"s:84:18:84:Infinity":11,"b:85:2:85:Infinity:undefined:undefined:undefined:undefined":4,"s:85:2:85:Infinity":12,"s:85:30:85:Infinity":13,"s:86:2:86:Infinity":14,"f:89:16:89:32":3,"b:89:77:89:90":5,"s:90:18:90:Infinity":15,"b:91:2:91:Infinity:undefined:undefined:undefined:undefined":6,"s:91:2:91:Infinity":16,"s:91:30:91:Infinity":17,"s:92:2:92:Infinity":18,"s:99:47:120:Infinity":19,"f:122:16:122:27":4,"s:123:2:126:Infinity":20,"f:129:16:129:23":5,"s:130:16:130:Infinity":21,"s:132:2:147:Infinity":22,"f:132:51:132:52":6,"b:133:4:135:Infinity:undefined:undefined:undefined:undefined":7,"s:133:4:135:Infinity":23,"s:134:6:134:Infinity":24,"s:136:18:136:Infinity":25,"s:137:29:137:Infinity":26,"s:138:4:142:Infinity":27,"b:139:6:141:Infinity:undefined:undefined:undefined:undefined":8,"s:139:6:141:Infinity":28,"s:140:8:140:Infinity":29,"b:143:4:145:Infinity:undefined:undefined:undefined:undefined":9,"s:143:4:145:Infinity":30,"s:144:6:144:Infinity":31,"s:146:4:146:Infinity":32,"s:149:2:149:Infinity":33,"f:158:16:158:33":7,"b:160:4:160:Infinity:161:4:161:Infinity:162:4:162:Infinity:163:4:164:Infinity:165:4:165:Infinity:166:4:166:Infinity:167:4:167:Infinity:168:4:169:Infinity:170:4:170:Infinity:171:4:171:Infinity:172:4:173:Infinity:174:4:175:Infinity":10,"s:159:2:176:Infinity":34,"s:164:6:164:Infinity":35,"s:169:6:169:Infinity":36,"s:173:6:173:Infinity":37,"s:175:6:175:Infinity":38,"f:179:16:179:34":8,"b:181:4:181:Infinity:182:4:182:Infinity:183:4:183:Infinity:184:4:185:Infinity:186:4:186:Infinity:187:4:187:Infinity:188:4:188:Infinity:189:4:190:Infinity:191:4:191:Infinity:192:4:192:Infinity:193:4:194:Infinity:195:4:196:Infinity":11,"s:180:2:197:Infinity":39,"s:185:6:185:Infinity":40,"s:190:6:190:Infinity":41,"s:194:6:194:Infinity":42,"s:196:6:196:Infinity":43,"f:200:16:200:28":9,"s:201:15:201:Infinity":44,"s:202:16:202:Infinity":45,"s:203:14:203:Infinity":46,"b:204:2:230:Infinity:undefined:undefined:undefined:undefined":12,"s:204:2:230:Infinity":47,"b:206:6:206:Infinity:207:6:207:Infinity:208:6:210:Infinity:211:6:211:Infinity:212:6:212:Infinity:213:6:215:Infinity:216:6:216:Infinity:217:6:217:Infinity:218:6:220:Infinity:221:6:223:Infinity:224:6:226:Infinity:227:6:228:Infinity":13,"s:205:4:229:Infinity":48,"s:209:8:209:Infinity":49,"s:210:8:210:Infinity":50,"s:214:8:214:Infinity":51,"s:215:8:215:Infinity":52,"s:219:8:219:Infinity":53,"s:220:8:220:Infinity":54,"s:222:8:222:Infinity":55,"s:223:8:223:Infinity":56,"s:225:8:225:Infinity":57,"s:226:8:226:Infinity":58,"s:228:8:228:Infinity":59,"s:231:2:231:Infinity":60,"f:234:16:234:22":10,"b:234:52:234:71":14,"s:235:2:235:Infinity":61,"f:238:16:238:24":11,"b:238:31:238:36":15,"b:238:44:238:48":16,"b:238:56:238:75":17,"s:239:2:239:Infinity":62,"f:242:16:242:30":12,"b:242:51:242:55":18,"b:242:63:242:75":19,"s:243:21:243:Infinity":63,"s:244:19:244:Infinity":64,"b:244:25:244:42:244:42:244:Infinity":20,"s:245:20:245:Infinity":65,"s:246:15:246:Infinity":66,"s:247:16:247:Infinity":67,"s:248:2:248:Infinity":68,"b:248:107:248:148:248:148:248:150":21,"f:251:16:251:30":13,"b:251:38:251:50":22,"s:252:2:252:Infinity":69,"f:255:16:255:29":14,"b:255:54:255:82":23,"b:255:90:255:102":24,"s:256:23:256:Infinity":70,"s:257:24:257:Infinity":71,"s:258:2:260:Infinity":72,"s:261:2:261:Infinity":73,"s:262:2:265:Infinity":74,"s:263:19:263:Infinity":75,"s:264:4:264:Infinity":76,"s:266:2:266:Infinity":77,"s:267:2:267:Infinity":78,"f:270:16:270:29":15,"b:270:36:270:52":25,"b:272:4:273:Infinity:274:4:275:Infinity:276:4:277:Infinity:278:4:279:Infinity":26,"s:271:2:280:Infinity":79,"s:273:6:273:Infinity":80,"s:275:6:275:Infinity":81,"s:277:6:277:Infinity":82,"s:279:6:279:Infinity":83,"f:283:16:283:29":16,"s:284:8:284:Infinity":84,"b:284:16:284:32:284:32:284:40":27,"s:285:16:285:Infinity":85,"b:285:32:285:56:285:56:285:Infinity":28,"s:286:15:286:Infinity":86,"b:286:70:286:93:286:93:286:Infinity":29,"b:286:15:286:31:286:31:286:70":30,"s:287:17:287:Infinity":87,"s:288:2:288:Infinity":88,"f:311:16:311:Infinity":17,"s:320:6:320:Infinity":89,"b:317:18:317:Infinity":31,"b:318:18:318:Infinity":32,"b:319:14:319:Infinity":33,"s:321:14:321:Infinity":90,"s:322:16:322:Infinity":91,"s:324:30:333:Infinity":92,"f:324:42:324:43":18,"s:325:14:325:Infinity":93,"b:326:4:326:Infinity:undefined:undefined:undefined:undefined":34,"s:326:4:326:Infinity":94,"s:326:22:326:Infinity":95,"s:327:4:330:Infinity":96,"s:328:18:328:Infinity":97,"b:328:31:328:73:328:73:328:Infinity":35,"b:328:80:328:106:328:106:328:108":36,"s:329:6:329:Infinity":98,"b:331:4:331:Infinity:undefined:undefined:undefined:undefined":37,"s:331:4:331:Infinity":99,"s:331:22:331:Infinity":100,"s:332:4:332:Infinity":101,"s:335:21:345:Infinity":102,"f:335:21:335:22":19,"b:335:91:335:110":38,"s:336:19:336:Infinity":103,"b:337:4:337:Infinity:undefined:undefined:undefined:undefined":39,"s:337:4:337:Infinity":104,"s:337:25:337:Infinity":105,"s:338:17:338:Infinity":106,"b:339:4:339:Infinity:undefined:undefined:undefined:undefined":40,"s:339:4:339:Infinity":107,"s:339:27:339:Infinity":108,"b:340:4:343:Infinity:undefined:undefined:undefined:undefined":41,"s:340:4:343:Infinity":109,"s:341:22:341:Infinity":110,"s:342:6:342:Infinity":111,"s:344:4:344:Infinity":112,"s:347:24:347:Infinity":113,"s:348:19:348:Infinity":114,"f:348:33:348:34":20,"s:348:40:348:71":115,"s:349:2:349:Infinity":116,"s:351:22:354:Infinity":117,"f:351:34:351:35":21,"s:352:20:352:Infinity":118,"b:352:59:352:72:352:72:352:78":42,"s:353:4:353:Infinity":119,"s:355:2:355:Infinity":120,"s:357:19:357:Infinity":121,"f:357:33:357:34":22,"s:357:40:357:71":122,"s:358:2:358:Infinity":123,"s:360:2:367:Infinity":124,"s:361:22:365:Infinity":125,"f:361:34:361:35":23,"s:362:18:362:Infinity":126,"b:362:31:362:73:362:73:362:Infinity":43,"b:362:80:362:106:362:106:362:108":44,"s:363:22:363:Infinity":127,"b:363:54:363:67:363:67:363:73":45,"s:364:6:364:Infinity":128,"s:366:4:366:Infinity":129,"s:369:19:369:Infinity":130,"f:369:33:369:34":24,"s:369:40:369:71":131,"s:370:2:370:Infinity":132,"s:372:2:372:Infinity":133,"f:392:9:392:18":25,"s:393:2:393:Infinity":134,"b:393:18:393:55:393:55:393:Infinity":46,"f:396:9:396:18":26,"s:397:10:397:Infinity":135,"b:398:2:398:Infinity:undefined:undefined:undefined:undefined":47,"s:398:2:398:Infinity":136,"s:398:23:398:Infinity":137,"s:399:2:399:Infinity":138,"f:402:16:402:43":27,"s:403:2:408:Infinity":139,"f:412:16:412:49":28,"s:413:2:413:Infinity":140,"f:423:16:423:34":29,"s:424:26:424:Infinity":141,"s:425:2:429:Infinity":142,"s:426:17:426:Infinity":143,"b:426:45:426:80:426:80:426:Infinity":48,"s:427:4:427:Infinity":144,"s:428:4:428:Infinity":145,"s:430:2:430:Infinity":146,"f:444:16:444:32":30,"s:445:20:445:Infinity":147,"b:445:34:445:71:445:71:445:Infinity":49,"s:446:2:455:Infinity":148,"f:459:16:459:34":31,"s:460:19:466:Infinity":149,"b:461:6:465:Infinity:466:6:466:Infinity":50,"f:462:8:462:9":32,"s:463:10:464:Infinity":150,"b:463:10:463:Infinity:464:10:464:Infinity":51,"s:468:15:475:Infinity":151,"f:468:28:468:29":33,"s:468:36:475:4":152,"b:470:14:470:28:470:28:470:Infinity":52,"b:471:18:471:37:471:37:471:42":53,"b:473:25:473:59:473:59:473:62":54,"b:474:26:474:61:474:61:474:64":55,"s:477:2:492:Infinity":153,"f:502:16:502:35":34,"s:503:44:510:Infinity":154,"s:511:49:515:Infinity":155,"s:517:15:525:Infinity":156,"f:517:26:517:27":35,"s:517:37:525:4":157,"b:520:9:520:28:520:28:520:Infinity":56,"b:521:14:521:38:521:38:521:Infinity":57,"b:523:22:523:56:523:56:523:59":58,"b:524:23:524:58:524:58:524:61":59,"s:527:2:543:Infinity":158,"f:547:16:547:37":36,"s:548:19:560:Infinity":159,"s:561:26:561:Infinity":160,"s:562:2:564:Infinity":161,"s:563:4:563:Infinity":162,"s:565:2:565:Infinity":163,"s:566:2:566:Infinity":164,"s:567:2:567:Infinity":165,"f:570:16:570:30":37,"s:571:2:571:Infinity":166,"f:574:16:574:40":38,"s:575:2:575:Infinity":167,"f:578:16:578:37":39,"b:578:59:578:77":60,"s:579:16:579:Infinity":168,"s:580:15:580:Infinity":169,"f:580:25:580:26":40,"s:580:35:580:71":170,"s:581:2:581:Infinity":171,"f:584:16:584:38":41,"s:585:14:585:Infinity":172,"b:586:2:586:Infinity:undefined:undefined:undefined:undefined":61,"s:586:2:586:Infinity":173,"s:586:12:586:Infinity":174,"b:587:2:587:Infinity:undefined:undefined:undefined:undefined":62,"s:587:2:587:Infinity":175,"s:587:11:587:Infinity":176,"s:588:2:588:Infinity":177,"f:603:16:603:31":42,"s:604:20:604:Infinity":178,"b:604:38:604:81:604:81:604:Infinity":63,"s:606:4:608:Infinity":179,"b:609:2:612:Infinity:undefined:undefined:undefined:undefined":64,"s:609:2:612:Infinity":180,"b:609:6:609:25:609:25:609:64":65,"s:610:4:611:Infinity":181,"b:611:118:611:157:611:157:611:160":66,"s:613:2:613:Infinity":182,"f:628:16:628:36":43,"s:629:18:629:Infinity":183,"b:629:36:629:73:629:73:629:Infinity":67,"s:630:26:632:Infinity":184,"s:633:2:635:Infinity":185,"s:634:4:634:Infinity":186,"b:636:2:641:Infinity:undefined:undefined:undefined:undefined":68,"s:636:2:641:Infinity":187,"s:637:4:640:Infinity":188,"b:638:36:638:57:638:57:638:58":69,"b:638:69:638:94:638:94:638:95":70,"b:639:17:639:38:639:38:639:40":71,"b:639:46:639:67:639:67:639:69":72,"s:642:2:642:Infinity":189,"s:643:2:643:Infinity":190,"f:646:16:646:35":44,"s:647:26:651:Infinity":191,"s:652:2:654:Infinity":192,"s:653:4:653:Infinity":193,"s:655:2:655:Infinity":194,"s:656:2:656:Infinity":195,"s:657:2:657:Infinity":196,"f:676:16:676:31":45,"s:677:26:681:Infinity":197,"s:682:2:686:Infinity":198,"b:682:18:682:36:682:36:682:40":73,"s:683:4:685:Infinity":199,"s:687:2:687:Infinity":200,"s:688:2:691:Infinity":201,"s:692:2:692:Infinity":202,"s:693:2:693:Infinity":203,"f:696:16:696:31":46,"s:697:2:697:Infinity":204,"f:700:16:700:28":47,"s:701:2:701:Infinity":205,"f:704:16:704:29":48,"s:705:2:705:Infinity":206,"s:721:37:721:Infinity":207,"f:723:16:723:35":49,"s:724:13:724:Infinity":208,"s:725:14:725:Infinity":209,"s:726:15:728:Infinity":210,"b:727:6:727:Infinity:728:6:728:Infinity":74,"s:729:2:736:Infinity":211,"b:731:65:731:70:731:70:731:73":75,"b:732:65:732:70:732:70:732:73":76,"f:740:16:740:34":50,"s:741:26:741:Infinity":212,"s:742:2:742:Infinity":213,"b:742:43:742:62:742:62:742:77":77,"b:742:106:742:121:742:121:742:123":78,"b:742:148:742:162:742:162:742:165":79,"s:743:14:743:Infinity":214,"s:744:2:746:Infinity":215,"b:745:42:745:54:745:54:745:104":80,"b:745:111:745:130:745:130:745:146":81,"b:745:163:745:189:745:189:745:213":82,"s:747:2:750:Infinity":216,"b:748:67:748:102:748:102:748:133":83,"b:749:27:749:47:749:47:749:50":84,"b:749:56:749:79:749:79:749:80":85,"s:751:2:753:Infinity":217,"b:752:62:752:74:752:74:752:84":86,"b:752:99:752:127:752:127:752:133":87,"s:754:2:754:Infinity":218,"b:754:55:754:81:754:81:754:85":88,"s:755:15:755:Infinity":219,"b:755:15:755:40:755:40:755:Infinity":89,"s:756:2:758:Infinity":220,"b:757:147:757:173:757:173:757:176":90,"s:759:2:759:Infinity":221,"s:760:2:760:Infinity":222,"f:763:16:763:35":51,"s:764:14:764:Infinity":223,"s:765:15:768:Infinity":224,"f:767:9:767:10":52,"s:767:16:767:24":225,"s:769:2:769:Infinity":226,"f:772:16:772:37":53,"s:773:17:773:Infinity":227,"s:774:15:774:Infinity":228,"f:774:29:774:30":54,"s:774:36:774:71":229,"s:775:2:775:Infinity":230,"s:778:41:787:Infinity":231},"fnNames":{}}}
,"/var/www/evabot-backend/frontend/src/api.ts": {"path":"/var/www/evabot-backend/frontend/src/api.ts","statementMap":{"0":{"start":{"line":16,"column":45},"end":{"line":16,"column":null}},"1":{"start":{"line":17,"column":40},"end":{"line":17,"column":null}},"2":{"start":{"line":18,"column":40},"end":{"line":18,"column":null}},"3":{"start":{"line":19,"column":26},"end":{"line":19,"column":null}},"4":{"start":{"line":22,"column":4},"end":{"line":22,"column":null}},"5":{"start":{"line":22,"column":29},"end":{"line":22,"column":null}},"6":{"start":{"line":23,"column":4},"end":{"line":34,"column":null}},"7":{"start":{"line":24,"column":18},"end":{"line":24,"column":null}},"8":{"start":{"line":25,"column":6},"end":{"line":31,"column":null}},"9":{"start":{"line":26,"column":22},"end":{"line":26,"column":null}},"10":{"start":{"line":27,"column":8},"end":{"line":27,"column":null}},"11":{"start":{"line":28,"column":8},"end":{"line":28,"column":null}},"12":{"start":{"line":29,"column":8},"end":{"line":29,"column":null}},"13":{"start":{"line":29,"column":31},"end":{"line":29,"column":null}},"14":{"start":{"line":30,"column":8},"end":{"line":30,"column":null}},"15":{"start":{"line":33,"column":6},"end":{"line":33,"column":null}},"16":{"start":{"line":38,"column":4},"end":{"line":38,"column":null}},"17":{"start":{"line":42,"column":4},"end":{"line":42,"column":null}},"18":{"start":{"line":46,"column":4},"end":{"line":46,"column":null}},"19":{"start":{"line":50,"column":4},"end":{"line":50,"column":null}},"20":{"start":{"line":50,"column":45},"end":{"line":50,"column":68}},"21":{"start":{"line":54,"column":4},"end":{"line":54,"column":null}},"22":{"start":{"line":54,"column":43},"end":{"line":54,"column":54}},"23":{"start":{"line":58,"column":4},"end":{"line":58,"column":null}},"24":{"start":{"line":62,"column":4},"end":{"line":70,"column":null}},"25":{"start":{"line":63,"column":18},"end":{"line":63,"column":null}},"26":{"start":{"line":64,"column":6},"end":{"line":67,"column":null}},"27":{"start":{"line":65,"column":22},"end":{"line":65,"column":null}},"28":{"start":{"line":66,"column":8},"end":{"line":66,"column":null}},"29":{"start":{"line":69,"column":6},"end":{"line":69,"column":null}},"30":{"start":{"line":71,"column":4},"end":{"line":71,"column":null}},"31":{"start":{"line":76,"column":2},"end":{"line":81,"column":null}},"32":{"start":{"line":77,"column":16},"end":{"line":77,"column":null}},"33":{"start":{"line":78,"column":4},"end":{"line":78,"column":null}},"34":{"start":{"line":78,"column":16},"end":{"line":78,"column":null}},"35":{"start":{"line":82,"column":2},"end":{"line":82,"column":null}},"36":{"start":{"line":86,"column":2},"end":{"line":91,"column":null}},"37":{"start":{"line":87,"column":16},"end":{"line":87,"column":null}},"38":{"start":{"line":88,"column":4},"end":{"line":88,"column":null}},"39":{"start":{"line":88,"column":16},"end":{"line":88,"column":null}},"40":{"start":{"line":90,"column":4},"end":{"line":90,"column":null}},"41":{"start":{"line":92,"column":2},"end":{"line":92,"column":null}},"42":{"start":{"line":96,"column":2},"end":{"line":108,"column":null}},"43":{"start":{"line":97,"column":16},"end":{"line":101,"column":null}},"44":{"start":{"line":102,"column":4},"end":{"line":105,"column":null}},"45":{"start":{"line":103,"column":20},"end":{"line":103,"column":null}},"46":{"start":{"line":104,"column":6},"end":{"line":104,"column":null}},"47":{"start":{"line":107,"column":4},"end":{"line":107,"column":null}},"48":{"start":{"line":109,"column":2},"end":{"line":109,"column":null}},"49":{"start":{"line":113,"column":2},"end":{"line":121,"column":null}},"50":{"start":{"line":114,"column":16},"end":{"line":114,"column":null}},"51":{"start":{"line":115,"column":4},"end":{"line":118,"column":null}},"52":{"start":{"line":116,"column":20},"end":{"line":116,"column":null}},"53":{"start":{"line":117,"column":6},"end":{"line":117,"column":null}},"54":{"start":{"line":120,"column":4},"end":{"line":120,"column":null}},"55":{"start":{"line":122,"column":2},"end":{"line":122,"column":null}},"56":{"start":{"line":126,"column":2},"end":{"line":131,"column":null}},"57":{"start":{"line":127,"column":16},"end":{"line":127,"column":null}},"58":{"start":{"line":128,"column":4},"end":{"line":128,"column":null}},"59":{"start":{"line":128,"column":16},"end":{"line":128,"column":null}},"60":{"start":{"line":130,"column":4},"end":{"line":130,"column":null}},"61":{"start":{"line":132,"column":2},"end":{"line":132,"column":null}},"62":{"start":{"line":136,"column":2},"end":{"line":141,"column":null}},"63":{"start":{"line":137,"column":16},"end":{"line":137,"column":null}},"64":{"start":{"line":138,"column":4},"end":{"line":138,"column":null}},"65":{"start":{"line":138,"column":16},"end":{"line":138,"column":null}},"66":{"start":{"line":140,"column":4},"end":{"line":140,"column":null}},"67":{"start":{"line":142,"column":2},"end":{"line":142,"column":null}},"68":{"start":{"line":146,"column":2},"end":{"line":150,"column":null}},"69":{"start":{"line":174,"column":19},"end":{"line":179,"column":null}},"70":{"start":{"line":181,"column":2},"end":{"line":184,"column":null}},"71":{"start":{"line":182,"column":21},"end":{"line":182,"column":null}},"72":{"start":{"line":182,"column":56},"end":{"line":182,"column":88}},"73":{"start":{"line":183,"column":4},"end":{"line":183,"column":null}},"74":{"start":{"line":185,"column":2},"end":{"line":185,"column":null}},"75":{"start":{"line":185,"column":22},"end":{"line":185,"column":null}},"76":{"start":{"line":187,"column":17},"end":{"line":187,"column":null}},"77":{"start":{"line":188,"column":18},"end":{"line":188,"column":null}},"78":{"start":{"line":189,"column":24},"end":{"line":189,"column":null}},"79":{"start":{"line":190,"column":15},"end":{"line":190,"column":null}},"80":{"start":{"line":193,"column":17},"end":{"line":193,"column":null}},"81":{"start":{"line":194,"column":18},"end":{"line":194,"column":null}},"82":{"start":{"line":196,"column":2},"end":{"line":231,"column":null}},"83":{"start":{"line":197,"column":28},"end":{"line":197,"column":null}},"84":{"start":{"line":198,"column":4},"end":{"line":198,"column":null}},"85":{"start":{"line":198,"column":14},"end":{"line":198,"column":null}},"86":{"start":{"line":200,"column":4},"end":{"line":200,"column":null}},"87":{"start":{"line":201,"column":18},"end":{"line":201,"column":null}},"88":{"start":{"line":202,"column":4},"end":{"line":202,"column":null}},"89":{"start":{"line":204,"column":4},"end":{"line":230,"column":null}},"90":{"start":{"line":205,"column":22},"end":{"line":205,"column":null}},"91":{"start":{"line":206,"column":6},"end":{"line":229,"column":null}},"92":{"start":{"line":207,"column":24},"end":{"line":207,"column":null}},"93":{"start":{"line":208,"column":8},"end":{"line":208,"column":null}},"94":{"start":{"line":208,"column":22},"end":{"line":208,"column":null}},"95":{"start":{"line":210,"column":8},"end":{"line":214,"column":null}},"96":{"start":{"line":211,"column":10},"end":{"line":211,"column":null}},"97":{"start":{"line":213,"column":10},"end":{"line":213,"column":null}},"98":{"start":{"line":215,"column":8},"end":{"line":222,"column":null}},"99":{"start":{"line":216,"column":10},"end":{"line":216,"column":null}},"100":{"start":{"line":217,"column":10},"end":{"line":217,"column":null}},"101":{"start":{"line":218,"column":8},"end":{"line":222,"column":null}},"102":{"start":{"line":219,"column":10},"end":{"line":219,"column":null}},"103":{"start":{"line":220,"column":10},"end":{"line":220,"column":null}},"104":{"start":{"line":221,"column":10},"end":{"line":221,"column":null}},"105":{"start":{"line":223,"column":8},"end":{"line":223,"column":null}},"106":{"start":{"line":223,"column":25},"end":{"line":223,"column":null}},"107":{"start":{"line":224,"column":8},"end":{"line":224,"column":null}},"108":{"start":{"line":224,"column":24},"end":{"line":224,"column":null}},"109":{"start":{"line":225,"column":8},"end":{"line":228,"column":null}},"110":{"start":{"line":226,"column":10},"end":{"line":226,"column":null}},"111":{"start":{"line":227,"column":10},"end":{"line":227,"column":null}},"112":{"start":{"line":233,"column":2},"end":{"line":233,"column":null}},"113":{"start":{"line":233,"column":18},"end":{"line":233,"column":null}},"114":{"start":{"line":234,"column":2},"end":{"line":234,"column":null}},"115":{"start":{"line":268,"column":19},"end":{"line":273,"column":null}},"116":{"start":{"line":275,"column":2},"end":{"line":278,"column":null}},"117":{"start":{"line":276,"column":21},"end":{"line":276,"column":null}},"118":{"start":{"line":276,"column":56},"end":{"line":276,"column":96}},"119":{"start":{"line":277,"column":4},"end":{"line":277,"column":null}},"120":{"start":{"line":279,"column":16},"end":{"line":279,"column":null}},"121":{"start":{"line":280,"column":2},"end":{"line":280,"column":null}}},"fnMap":{"0":{"name":"load","decl":{"start":{"line":21,"column":15},"end":{"line":21,"column":37}},"loc":{"start":{"line":21,"column":37},"end":{"line":35,"column":null}},"line":21},"1":{"name":"isLoaded","decl":{"start":{"line":37,"column":9},"end":{"line":37,"column":29}},"loc":{"start":{"line":37,"column":29},"end":{"line":39,"column":null}},"line":37},"2":{"name":"getAll","decl":{"start":{"line":41,"column":9},"end":{"line":41,"column":37}},"loc":{"start":{"line":41,"column":37},"end":{"line":43,"column":null}},"line":41},"3":{"name":"getCategories","decl":{"start":{"line":45,"column":9},"end":{"line":45,"column":35}},"loc":{"start":{"line":45,"column":35},"end":{"line":47,"column":null}},"line":45},"4":{"name":"getByCategory","decl":{"start":{"line":49,"column":9},"end":{"line":49,"column":23}},"loc":{"start":{"line":49,"column":60},"end":{"line":51,"column":null}},"line":49},"5":{"name":"(anonymous_5)","decl":{"start":{"line":50,"column":38},"end":{"line":50,"column":39}},"loc":{"start":{"line":50,"column":45},"end":{"line":50,"column":68}},"line":50},"6":{"name":"getById","decl":{"start":{"line":53,"column":9},"end":{"line":53,"column":17}},"loc":{"start":{"line":53,"column":58},"end":{"line":55,"column":null}},"line":53},"7":{"name":"(anonymous_7)","decl":{"start":{"line":54,"column":36},"end":{"line":54,"column":37}},"loc":{"start":{"line":54,"column":43},"end":{"line":54,"column":54}},"line":54},"8":{"name":"getDefault","decl":{"start":{"line":57,"column":9},"end":{"line":57,"column":30}},"loc":{"start":{"line":57,"column":30},"end":{"line":59,"column":null}},"line":57},"9":{"name":"fetchTopModels","decl":{"start":{"line":61,"column":15},"end":{"line":61,"column":30}},"loc":{"start":{"line":61,"column":94},"end":{"line":72,"column":null}},"line":61},"10":{"name":"fetchHealth","decl":{"start":{"line":75,"column":22},"end":{"line":75,"column":67}},"loc":{"start":{"line":75,"column":67},"end":{"line":83,"column":null}},"line":75},"11":{"name":"fetchAppConfig","decl":{"start":{"line":85,"column":22},"end":{"line":85,"column":66}},"loc":{"start":{"line":85,"column":66},"end":{"line":93,"column":null}},"line":85},"12":{"name":"setServerDevMode","decl":{"start":{"line":95,"column":22},"end":{"line":95,"column":39}},"loc":{"start":{"line":95,"column":75},"end":{"line":110,"column":null}},"line":95},"13":{"name":"fetchBootBannerText","decl":{"start":{"line":112,"column":22},"end":{"line":112,"column":68}},"loc":{"start":{"line":112,"column":68},"end":{"line":123,"column":null}},"line":112},"14":{"name":"fetchBootDiagnostics","decl":{"start":{"line":125,"column":22},"end":{"line":125,"column":43}},"loc":{"start":{"line":125,"column":86},"end":{"line":133,"column":null}},"line":125},"15":{"name":"fetchVoiceConfig","decl":{"start":{"line":135,"column":22},"end":{"line":135,"column":77}},"loc":{"start":{"line":135,"column":77},"end":{"line":143,"column":null}},"line":135},"16":{"name":"toggleVoicePlugin","decl":{"start":{"line":145,"column":22},"end":{"line":145,"column":40}},"loc":{"start":{"line":145,"column":73},"end":{"line":151,"column":null}},"line":145},"17":{"name":"(anonymous_17)","decl":{"start":{"line":150,"column":11},"end":{"line":150,"column":17}},"loc":{"start":{"line":150,"column":17},"end":{"line":150,"column":19}},"line":150},"18":{"name":"streamChat","decl":{"start":{"line":159,"column":22},"end":{"line":159,"column":null}},"loc":{"start":{"line":173,"column":17},"end":{"line":235,"column":null}},"line":173},"19":{"name":"(anonymous_19)","decl":{"start":{"line":182,"column":49},"end":{"line":182,"column":56}},"loc":{"start":{"line":182,"column":56},"end":{"line":182,"column":88}},"line":182},"20":{"name":"runConsilium","decl":{"start":{"line":256,"column":22},"end":{"line":256,"column":null}},"loc":{"start":{"line":267,"column":28},"end":{"line":281,"column":null}},"line":267},"21":{"name":"(anonymous_21)","decl":{"start":{"line":276,"column":49},"end":{"line":276,"column":56}},"loc":{"start":{"line":276,"column":56},"end":{"line":276,"column":96}},"line":276}},"branchMap":{"0":{"loc":{"start":{"line":22,"column":4},"end":{"line":22,"column":null}},"type":"if","locations":[{"start":{"line":22,"column":4},"end":{"line":22,"column":null}},{"start":{},"end":{}}],"line":22},"1":{"loc":{"start":{"line":25,"column":6},"end":{"line":31,"column":null}},"type":"if","locations":[{"start":{"line":25,"column":6},"end":{"line":31,"column":null}},{"start":{},"end":{}}],"line":25},"2":{"loc":{"start":{"line":29,"column":8},"end":{"line":29,"column":null}},"type":"if","locations":[{"start":{"line":29,"column":8},"end":{"line":29,"column":null}},{"start":{},"end":{}}],"line":29},"3":{"loc":{"start":{"line":64,"column":6},"end":{"line":67,"column":null}},"type":"if","locations":[{"start":{"line":64,"column":6},
[...]
":13,"s:215:6:215:Infinity":81,"s:218:4:222:Infinity":82,"f:218:79:218:85":14,"b:219:6:221:Infinity:undefined:undefined:undefined:undefined":36,"s:219:6:221:Infinity":83,"s:220:8:220:Infinity":84,"s:224:4:229:Infinity":85,"f:224:39:224:40":15,"b:225:6:228:Infinity:undefined:undefined:undefined:undefined":37,"s:225:6:228:Infinity":86,"b:225:10:225:23:225:23:225:40:225:40:225:56":38,"s:226:8:226:Infinity":87,"s:227:8:227:Infinity":88,"f:232:16:232:54":16,"b:233:4:235:Infinity:undefined:undefined:undefined:undefined":39,"s:233:4:235:Infinity":89,"s:234:6:234:Infinity":90,"b:236:4:236:Infinity:undefined:undefined:undefined:undefined":40,"s:236:4:236:Infinity":91,"s:236:22:236:Infinity":92,"b:238:4:246:Infinity:240:11:246:Infinity":41,"s:238:4:246:Infinity":93,"s:239:6:239:Infinity":94,"s:241:6:245:Infinity":95,"s:242:8:242:Infinity":96,"s:244:8:244:Infinity":97,"b:244:43:244:58:244:58:244:76":42,"f:249:16:249:44":17,"s:250:19:250:Infinity":98,"b:250:19:250:41:250:41:250:86:250:86:250:Infinity":43,"b:251:4:263:Infinity:undefined:undefined:undefined:undefined":44,"s:251:4:263:Infinity":99,"s:252:24:255:Infinity":100,"b:256:6:262:Infinity:259:13:262:Infinity":45,"s:256:6:262:Infinity":101,"b:256:10:256:23:256:23:256:41":46,"s:257:8:257:Infinity":102,"s:258:8:258:Infinity":103,"s:260:8:260:Infinity":104,"s:261:8:261:Infinity":105,"s:265:17:265:Infinity":106,"b:265:17:265:54:265:54:265:Infinity":47,"s:266:26:266:Infinity":107,"b:266:58:266:66:266:66:266:Infinity":48,"s:268:4:288:Infinity":108,"b:272:17:272:36:272:36:272:Infinity":49,"b:273:25:273:47:273:47:273:Infinity":50,"f:275:20:275:21":18,"s:276:8:276:Infinity":109,"f:278:22:278:23":19,"s:279:8:279:Infinity":110,"f:281:23:281:24":20,"s:282:8:282:Infinity":111,"s:283:8:283:Infinity":112,"b:284:8:286:Infinity:undefined:undefined:undefined:undefined":51,"s:284:8:286:Infinity":113,"s:285:10:285:Infinity":114,"b:285:66:285:75:285:75:285:80":52,"b:290:4:292:Infinity:undefined:undefined:undefined:undefined":53,"s:290:4:292:Infinity":115,"s:291:6:291:Infinity":116,"f:295:10:295:29":21,"s:296:20:296:Infinity":117,"s:297:19:297:Infinity":118,"s:298:21:298:Infinity":119,"s:299:26:299:Infinity":120,"b:301:4:303:Infinity:undefined:undefined:undefined:undefined":54,"s:301:4:303:Infinity":121,"s:302:6:302:Infinity":122,"b:302:64:302:81:302:81:302:Infinity":55,"b:305:4:313:Infinity:undefined:undefined:undefined:undefined":56,"s:305:4:313:Infinity":123,"b:306:6:312:Infinity:308:6:312:Infinity":57,"s:306:6:312:Infinity":124,"s:307:8:307:Infinity":125,"b:308:6:312:Infinity:310:13:312:Infinity":58,"s:308:6:312:Infinity":126,"s:309:8:309:Infinity":127,"s:311:8:311:Infinity":128,"b:316:6:320:Infinity:321:6:325:Infinity:326:6:333:Infinity:334:6:339:Infinity:340:6:344:Infinity:345:6:349:Infinity":59,"s:315:4:350:Infinity":129,"b:317:8:317:Infinity:undefined:undefined:undefined:undefined":60,"s:317:8:317:Infinity":130,"s:317:21:317:Infinity":131,"b:318:8:318:Infinity:undefined:undefined:undefined:undefined":61,"s:318:8:318:Infinity":132,"s:318:20:318:Infinity":133,"b:319:8:319:Infinity:undefined:undefined:undefined:undefined":62,"s:319:8:319:Infinity":134,"s:319:22:319:Infinity":135,"s:320:8:320:Infinity":136,"b:322:8:322:Infinity:undefined:undefined:undefined:undefined":63,"s:322:8:322:Infinity":137,"s:322:21:322:Infinity":138,"b:323:8:323:Infinity:undefined:undefined:undefined:undefined":64,"s:323:8:323:Infinity":139,"s:323:20:323:Infinity":140,"b:324:8:324:Infinity:undefined:undefined:undefined:undefined":65,"s:324:8:324:Infinity":141,"s:324:22:324:Infinity":142,"s:325:8:325:Infinity":143,"b:327:8:327:Infinity:undefined:undefined:undefined:undefined":66,"s:327:8:327:Infinity":144,"s:327:21:327:Infinity":145,"b:328:8:331:Infinity:undefined:undefined:undefined:undefined":67,"s:328:8:331:Infinity":146,"s:329:10:329:Infinity":147,"s:330:10:330:Infinity":148,"b:332:8:332:Infinity:undefined:undefined:undefined:undefined":68,"s:332:8:332:Infinity":149,"s:332:22:332:Infinity":150,"s:333:8:333:Infinity":151,"s:335:28:335:Infinity":152,"b:335:60:335:73:335:73:335:Infinity":69,"b:336:8:336:Infinity:undefined:undefined:undefined:undefined":70,"s:336:8:336:Infinity":153,"s:336:21:336:Infinity":154,"b:337:8:337:Infinity:undefined:undefined:undefined:undefined":71,"s:337:8:337:Infinity":155,"s:337:20:337:Infinity":156,"b:338:8:338:Infinity:undefined:undefined:undefined:undefined":72,"s:338:8:338:Infinity":157,"s:338:22:338:Infinity":158,"s:339:8:339:Infinity":159,"b:341:8:341:Infinity:undefined:undefined:undefined:undefined":73,"s:341:8:341:Infinity":160,"s:341:21:341:Infinity":161,"b:341:52:341:80:341:80:341:Infinity":74,"b:342:8:342:Infinity:undefined:undefined:undefined:undefined":75,"s:342:8:342:Infinity":162,"s:342:20:342:Infinity":163,"b:343:8:343:Infinity:undefined:undefined:undefined:undefined":76,"s:343:8:343:Infinity":164,"s:343:22:343:Infinity":165,"s:344:8:344:Infinity":166,"b:346:8:346:Infinity:undefined:undefined:undefined:undefined":77,"s:346:8:346:Infinity":167,"s:346:21:346:Infinity":168,"b:346:53:346:63:346:63:346:72":78,"b:347:8:347:Infinity:undefined:undefined:undefined:undefined":79,"s:347:8:347:Infinity":169,"s:347:20:347:Infinity":170,"b:348:8:348:Infinity:undefined:undefined:undefined:undefined":80,"s:348:8:348:Infinity":171,"s:348:22:348:Infinity":172,"s:349:8:349:Infinity":173,"f:353:10:353:30":22,"s:354:20:354:Infinity":174,"b:355:4:355:Infinity:undefined:undefined:undefined:undefined":81,"s:355:4:355:Infinity":175,"s:355:17:355:Infinity":176,"f:358:10:358:39":23,"s:359:19:359:Infinity":177,"s:360:20:360:Infinity":178,"b:361:4:361:Infinity:undefined:undefined:undefined:undefined":82,"s:361:4:361:Infinity":179,"s:361:16:361:Infinity":180,"b:362:4:362:Infinity:undefined:undefined:undefined:undefined":83,"s:362:4:362:Infinity":181,"s:362:17:362:Infinity":182,"f:365:10:365:27":24,"s:366:19:366:Infinity":183,"b:367:4:367:Infinity:undefined:undefined:undefined:undefined":84,"s:367:4:367:Infinity":184,"s:367:17:367:Infinity":185,"s:369:24:369:Infinity":186,"b:370:4:372:Infinity:undefined:undefined:undefined:undefined":85,"s:370:4:372:Infinity":187,"s:371:6:371:Infinity":188,"s:374:10:374:Infinity":189,"s:375:17:375:Infinity":190,"s:376:4:376:Infinity":191,"s:378:23:378:Infinity":192,"b:378:43:378:101:378:101:378:Infinity":86,"b:378:75:378:88:378:88:378:101":87,"s:380:4:383:Infinity":193,"s:386:4:386:Infinity":194,"s:387:4:387:Infinity":195,"f:390:10:390:21":25,"s:391:4:396:Infinity":196,"f:399:9:399:25":26,"b:400:4:403:Infinity:undefined:undefined:undefined:undefined":88,"s:400:4:403:Infinity":197,"s:401:6:401:Infinity":198,"s:402:6:402:Infinity":199,"b:404:4:407:Infinity:undefined:undefined:undefined:undefined":89,"s:404:4:407:Infinity":200,"s:405:6:405:Infinity":201,"s:406:6:406:Infinity":202,"b:408:4:411:Infinity:undefined:undefined:undefined:undefined":90,"s:408:4:411:Infinity":203,"s:409:6:409:Infinity":204,"s:410:6:410:Infinity":205},"fnNames":{}}}
,"/var/www/evabot-backend/frontend/src/voice/VoiceVisualizer.ts": {"path":"/var/www/evabot-backend/frontend/src/voice/VoiceVisualizer.ts","statementMap":{"0":{"start":{"line":4,"column":39},"end":{"line":4,"column":null}},"1":{"start":{"line":5,"column":50},"end":{"line":5,"column":null}},"2":{"start":{"line":6,"column":48},"end":{"line":6,"column":null}},"3":{"start":{"line":7,"column":52},"end":{"line":7,"column":null}},"4":{"start":{"line":8,"column":41},"end":{"line":8,"column":null}},"5":{"start":{"line":11,"column":4},"end":{"line":11,"column":null}},"6":{"start":{"line":12,"column":20},"end":{"line":12,"column":null}},"7":{"start":{"line":13,"column":4},"end":{"line":13,"column":null}},"8":{"start":{"line":13,"column":18},"end":{"line":13,"column":null}},"9":{"start":{"line":14,"column":4},"end":{"line":14,"column":null}},"10":{"start":{"line":18,"column":4},"end":{"line":18,"column":null}},"11":{"start":{"line":19,"column":4},"end":{"line":19,"column":null}},"12":{"start":{"line":23,"column":4},"end":{"line":23,"column":null}},"13":{"start":{"line":27,"column":4},"end":{"line":27,"column":null}},"14":{"start":{"line":31,"column":4},"end":{"line":31,"column":null}},"15":{"start":{"line":31,"column":35},"end":{"line":31,"column":null}},"16":{"start":{"line":32,"column":19},"end":{"line":35,"column":null}},"17":{"start":{"line":33,"column":6},"end":{"line":33,"column":null}},"18":{"start":{"line":34,"column":6},"end":{"line":34,"column":null}},"19":{"start":{"line":36,"column":4},"end":{"line":36,"column":null}},"20":{"start":{"line":40,"column":4},"end":{"line":43,"column":null}},"21":{"start":{"line":41,"column":6},"end":{"line":41,"column":null}},"22":{"start":{"line":42,"column":6},"end":{"line":42,"column":null}},"23":{"start":{"line":44,"column":4},"end":{"line":44,"column":null}},"24":{"start":{"line":48,"column":4},"end":{"line":48,"column":null}},"25":{"start":{"line":52,"column":18},"end":{"line":52,"column":null}},"26":{"start":{"line":53,"column":19},"end":{"line":53,"column":null}},"27":{"start":{"line":54,"column":20},"end":{"line":54,"column":null}},"28":{"start":{"line":56,"column":4},"end":{"line":56,"column":null}},"29":{"start":{"line":57,"column":4},"end":{"line":57,"column":null}},"30":{"start":{"line":59,"column":46},"end":{"line":59,"column":null}},"31":{"start":{"line":60,"column":4},"end":{"line":64,"column":null}},"32":{"start":{"line":61,"column":6},"end":{"line":61,"column":null}},"33":{"start":{"line":62,"column":4},"end":{"line":64,"column":null}},"34":{"start":{"line":63,"column":6},"end":{"line":63,"column":null}},"35":{"start":{"line":66,"column":4},"end":{"line":80,"column":null}},"36":{"start":{"line":67,"column":19},"end":{"line":67,"column":null}},"37":{"start":{"line":68,"column":24},"end":{"line":68,"column":null}},"38":{"start":{"line":70,"column":6},"end":{"line":70,"column":null}},"39":{"start":{"line":71,"column":6},"end":{"line":71,"column":null}},"40":{"start":{"line":72,"column":6},"end":{"line":72,"column":null}},"41":{"start":{"line":73,"column":6},"end":{"line":77,"column":null}},"42":{"start":{"line":73,"column":19},"end":{"line":73,"column":22}},"43":{"start":{"line":74,"column":18},"end":{"line":74,"column":null}},"44":{"start":{"line":75,"column":8},"end":{"line":76,"column":null}},"45":{"start":{"line":75,"column":21},"end":{"line":75,"column":null}},"46":{"start":{"line":76,"column":13},"end":{"line":76,"column":null}},"47":{"start":{"line":78,"column":6},"end":{"line":78,"column":null}},"48":{"start":{"line":79,"column":6},"end":{"line":79,"column":null}},"49":{"start":{"line":82,"column":25},"end":{"line":82,"column":null}},"50":{"start":{"line":83,"column":22},"end":{"line":83,"column":null}},"51":{"start":{"line":84,"column":4},"end":{"line":84,"column":null}},"52":{"start":{"line":86,"column":21},"end":{"line":86,"column":null}},"53":{"start":{"line":87,"column":21},"end":{"line":87,"column":null}},"54":{"start":{"line":88,"column":17},"end":{"line":88,"column":null}},"55":{"start":{"line":91,"column":6},"end":{"line":95,"column":null}},"56":{"start":{"line":98,"column":6},"end":{"line":102,"column":null}},"57":{"start":{"line":104,"column":4},"end":{"line":117,"column":null}},"58":{"start":{"line":104,"column":17},"end":{"line":104,"column":20}},"59":{"start":{"line":105,"column":20},"end":{"line":105,"column":null}},"60":{"start":{"line":106,"column":22},"end":{"line":106,"column":null}},"61":{"start":{"line":107,"column":24},"end":{"line":107,"column":null}},"62":{"start":{"line":109,"column":16},"end":{"line":109,"column":null}},"63":{"start":{"line":110,"column":16},"end":{"line":110,"column":null}},"64":{"start":{"line":112,"column":6},"end":{"line":112,"column":null}},"65":{"start":{"line":113,"column":6},"end":{"line":113,"column":null}},"66":{"start":{"line":115,"column":6},"end":{"line":115,"column":null}},"67":{"start":{"line":116,"column":6},"end":{"line":116,"column":null}}},"fnMap":{"0":{"name":"constructor","decl":{"start":{"line":10,"column":2},"end":{"line":10,"column":14}},"loc":{"start":{"line":10,"column":41},"end":{"line":15,"column":null}},"line":10},"1":{"name":"setAnalysers","decl":{"start":{"line":17,"column":9},"end":{"line":17,"column":22}},"loc":{"start":{"line":17,"column":88},"end":{"line":20,"column":null}},"line":17},"2":{"name":"setMode","decl":{"start":{"line":22,"column":9},"end":{"line":22,"column":17}},"loc":{"start":{"line":22,"column":64},"end":{"line":24,"column":null}},"line":22},"3":{"name":"setPersonaTheme","decl":{"start":{"line":26,"column":9},"end":{"line":26,"column":25}},"loc":{"start":{"line":26,"column":54},"end":{"line":28,"column":null}},"line":26},"4":{"name":"start","decl":{"start":{"line":30,"column":9},"end":{"line":30,"column":23}},"loc":{"start":{"line":30,"column":23},"end":{"line":37,"column":null}},"line":30},"5":{"name":"(anonymous_5)","decl":{"start":{"line":32,"column":19},"end":{"line":32,"column":25}},"loc":{"start":{"line":32,"column":25},"end":{"line":35,"column":null}},"line":32},"6":{"name":"stop","decl":{"start":{"line":39,"column":9},"end":{"line":39,"column":22}},"loc":{"start":{"line":39,"column":22},"end":{"line":45,"column":null}},"line":39},"7":{"name":"clear","decl":{"start":{"line":47,"column":10},"end":{"line":47,"column":24}},"loc":{"start":{"line":47,"column":24},"end":{"line":49,"column":null}},"line":47},"8":{"name":"draw","decl":{"start":{"line":51,"column":10},"end":{"line":51,"column":23}},"loc":{"start":{"line":51,"column":23},"end":{"line":118,"column":null}},"line":51}},"branchMap":{"0":{"loc":{"start":{"line":13,"column":4},"end":{"line":13,"column":null}},"type":"if","locations":[{"start":{"line":13,"column":4},"end":{"line":13,"column":null}},{"start":{},"end":{}}],"line":13},"1":{"loc":{"start":{"line":31,"column":4},"end":{"line":31,"column":null}},"type":"if","locations":[{"start":{"line":31,"column":4},"end":{"line":31,"column":null}},{"start":{},"end":{}}],"line":31},"2":{"loc":{"start":{"line":40,"column":4},"end":{"line":43,"column":null}},"type":"if","locations":[{"start":{"line":40,"column":4},"end":{"line":43,"column":null}},{"start":{},"end":{}}],"line":40},"3":{"loc":{"start":{"line":60,"column":4},"end":{"line":64,"column":null}},"type":"if","locations":[{"start":{"line":60,"column":4},"end":{"line":64,"column":null}},{"start":{"line":62,"column":4},"end":{"line":64,"column":null}}],"line":60},"4":{"loc":{"start":{"line":62,"column":4},"end":{"line":64,"column":null}},"type":"if","locations":[{"start":{"line":62,"column":4},"end":{"line":64,"column":null}},{"start":{},"end":{}}],"line":62},"5":{"loc":{"start":{"line":66,"column":4},"end":{"line":80,"column":null}},"type":"if","locations":[{"start":{"line":66,"column":4},"end":{"line":80,"column":null}},{"start":{},"end":{}}],"line":66},"6":{"loc":{"start":{"line":66,"column":8},"end":{"line":66,"column":49}},"type":"binary-expr","locations":[{"start":{"line":66,"column":8},"end":{"line":66,"column":27}},{"start":{"line":66,"column":27},"end":{"line":66,"column":49}}],"line":66},"7":{"loc":{"start":{"line":68,"column":24},"end":{"line":68,"column":null}},"type":"cond-expr","locations":[{"start":{"line":68,"column":54},"end":{"line":68,"column":81}},{"start":{"line":68,"column":81},"end":{"line":68,"column":null}}],"line":68},"8":{"loc":{"start":{"line":75,"column":8},"end":{"line":76,"column":null}},"type":"if","locations":[{"start":{"line":75,"column":8},"end":{"line":76,"column":null}},{"start":{"line":76,"column":13},"end":{"line":76,"column":null}}],"line":75},"9":{"loc":{"start":{"line":91,"column":6},"end":{"line":95,"column":null}},"type":"cond-expr","locations":[{"start":{"line":92,"column":10},"end":{"line":92,"column":null}},{"start":{"line":93,"column":10},"end":{"line":95,"column":null}}],"line":91},"10":{"loc":{"start":{"line":93,"column":10},"end":{"line":95,"column":null}},"type":"cond-expr","locations":[{"start":{"line":94,"column":12},"end":{"line":94,"column":null}},{"start":{"line":95,"column":12},"end":{"line":95,"column":null}}],"line":93},"11":{"loc":{"start":{"line":98,"column":6},"end":{"line":102,"column":null}},"type":"cond-expr","locations":[{"start":{"line":99,"column":10},"end":{"line":99,"column":null}},{"start":{"line":100,"column":10},"end":{"line":102,"column":null}}],"line":98},"12":{"loc":{"start":{"line":100,"column":10},"end":{"line":102,"column":null}},"type":"cond-expr","locations":[{"start":{"line":101,"column":12},"end":{"line":101,"column":null}},{"start":{"line":102,"column":12},"end":{"line":102,"column":null}}],"line":100},"13":{"loc":{"start":{"line":105,"column":20},"end":{"line":105,"column":null}},"type":"binary-expr","locations":[{"start":{"line":105,"column":20},"end":{"line":105,"column":43}},{"start":{"line":105,"column":43},"end":{"line":105,"column":null}}],"line":105}},"s":{"0":0,"1":0,"2":0,"3":0,"4":0,"5":0,"6":0,"7":0,"8":0,"9":0,"10":0,"11":0,"12":0,"13":0,"14":0,"15":0,"16":0,"17":0,"18":0,"19":0,"20":0,"21":0,"22":0,"23":0,"24":0,"25":0,"26":0,"27":0,"28":0,"29":0,"30":0,"31":0,"32":0,"33":0,"34":0,"35":0,"36":0,"37":0,"38":0,"39":0,"40":0,"41":0,"42":0,"43":0,"44":0,"45":0,"46":0,"47":0,"48":0,"49":0,"50":0,"51":0,"52":0,"53":0,"54":0,"55":0,"56":0,"57":0,"58":0,"59":0,"60":0,"61":0,"62":0,"63":0,"64":0,"65":0,"66":0,"67":0},"f":{"0":0,"1":0,"2":0,"3":0,"4":0,"5":0,"6":0,"7":0,"8":0},"b":{"0":[0,0],"1":[0,0],"2":[0,0],"3":[0,0],"4":[0,0],"5":[0,0],"6":[0,0],"7":[0,0],"8":[0,0],"9":[0,0],"10":[0,0],"11":[0,0],"12":[0,0],"13":[0,0]},"meta":{"lastBranch":14,"lastFunction":9,"lastStatement":68,"seen":{"s:4:39:4:Infinity":0,"s:5:50:5:Infinity":1,"s:6:48:6:Infinity":2,"s:7:52:7:Infinity":3,"s:8:41:8:Infinity":4,"f:10:2:10:14":0,"s:11:4:11:Infinity":5,"s:12:20:12:Infinity":6,"b:13:4:13:Infinity:undefined:undefined:undefined:undefined":0,"s:13:4:13:Infinity":7,"s:13:18:13:Infinity":8,"s:14:4:14:Infinity":9,"f:17:9:17:22":1,"s:18:4:18:Infinity":10,"s:19:4:19:Infinity":11,"f:22:9:22:17":2,"s:23:4:23:Infinity":12,"f:26:9:26:25":3,"s:27:4:27:Infinity":13,"f:30:9:30:23":4,"b:31:4:31:Infinity:undefined:undefined:undefined:undefined":1,"s:31:4:31:Infinity":14,"s:31:35:31:Infinity":15,"s:32:19:35:Infinity":16,"f:32:19:32:25":5,"s:33:6:33:Infinity":17,"s:34:6:34:Infinity":18,"s:36:4:36:Infinity":19,"f:39:9:39:22":6,"b:40:4:43:Infinity:undefined:undefined:undefined:undefined":2,"s:40:4:43:Infinity":20,"s:41:6:41:Infinity":21,"s:42:6:42:Infinity":22,"s:44:4:44:Infinity":23,"f:47:10:47:24":7,"s:48:4:48:Infinity":24,"f:51:10:51:23":8,"s:52:18:52:Infinity":25,"s:53:19:53:Infinity":26,"s:54:20:54:Infinity":27,"s:56:4:56:Infinity":28,"s:57:4:57:Infinity":29,"s:59:46:59:Infinity":30,"b:60:4:64:Infinity:62:4:64:Infinity":3,"s:60:4:64:Infinity":31,"s:61:6:61:Infinity":32,"b:62:4:64:Infinity:undefined:undefined:undefined:undefined":4,"s:62:4:64:Infinity":33,"s:63:6:63:Infinity":34,"b:66:4:80:Infinity:undefined:undefined:undefined:undefined":5,"s:66:4:80:Infinity":35,"b:66:8:66:27:66:27:66:49":6,"s:67:19:67:Infinity":36,"s:68:24:68:Infinity":37,"b:68:54:68:81:68:81:68:Infinity":7,"s:70:6:70:Infinity":38,"s:71:6:71:Infinity":39,"s:72:6:72:Infinity":40,"s:73:6:77:Infinity":41,"s:73:19:73:22":42,"s:74:18:74:Infinity":43,"b:75:8:76:Infinity:76:13:76:Infinity":8,"s:75:8:76:Infinity":44,"s:75:21:75:Infinity":45,"s:76:13:76:Infinity":46,"s:78:6:78:Infinity":47,"s:79:6:79:Infinity":48,"s:82:25:82:Infinity":49,"s:83:22:83:Infinity":50,"s:84:4:84:Infinity":51,"s:86:21:86:Infinity":52,"s:87:21:87:Infinity":53,"s:88:17:88:Infinity":54,"s:91:6:95:Infinity":55,"b:92:10:92:Infinity:93:10:95:Infinity":9,"b:94:12:94:Infinity:95:12:95:Infinity":10,"s:98:6:102:Infinity":56,"b:99:10:99:Infinity:100:10:102:Infinity":11,"b:101:12:101:Infinity:102:12:102:Infinity":12,"s:104:4:117:Infinity":57,"s:104:17:104:20":58,"s:105:20:105:Infinity":59,"b:105:20:105:43:105:43:105:Infinity":13,"s:106:22:106:Infinity":60,"s:107:24:107:Infinity":61,"s:109:16:109:Infinity":62,"s:110:16:110:Infinity":63,"s:112:6:112:Infinity":64,"s:113:6:113:Infinity":65,"s:115:6:115:Infinity":66,"s:116:6:116:Infinity":67},"fnNames":{}}}
}
