{"total": {"lines":{"total":18792,"covered":15540,"skipped":0,"pct":82.69},"statements":{"total":18792,"covered":15540,"skipped":0,"pct":82.69},"functions":{"total":696,"covered":584,"skipped":0,"pct":83.9},"branches":{"total":2630,"covered":1984,"skipped":0,"pct":75.43},"branchesTrue":{"total":0,"covered":0,"skipped":0,"pct":100}}
,"/var/www/evabot-backend/src/cli/terminal-chat.ts": {"lines":{"total":732,"covered":315,"skipped":0,"pct":43.03},"functions":{"total":21,"covered":15,"skipped":0,"pct":71.42},"statements":{"total":732,"covered":315,"skipped":0,"pct":43.03},"branches":{"total":43,"covered":28,"skipped":0,"pct":65.11}}
,"/var/www/evabot-backend/src/core/AccountingEngine.ts": {"lines":{"total":355,"covered":353,"skipped":0,"pct":99.43},"functions":{"total":14,"covered":13,"skipped":0,"pct":92.85},"statements":{"total":355,"covered":353,"skipped":0,"pct":99.43},"branches":{"total":35,"covered":34,"skipped":0,"pct":97.14}}
,"/var/www/evabot-backend/src/core/AgentBuilder.ts": {"lines":{"total":382,"covered":382,"skipped":0,"pct":100},"functions":{"total":7,"covered":7,"skipped":0,"pct":100},"statements":{"total":382,"covered":382,"skipped":0,"pct":100},"branches":{"total":14,"covered":13,"skipped":0,"pct":92.85}}
,"/var/www/evabot-backend/src/core/AlertManager.ts": {"lines":{"total":287,"covered":202,"skipped":0,"pct":70.38},"functions":{"total":24,"covered":16,"skipped":0,"pct":66.66},"statements":{"total":287,"covered":202,"skipped":0,"pct":70.38},"branches":{"total":35,"covered":23,"skipped":0,"pct":65.71}}
,"/var/www/evabot-backend/src/core/AnsiStreamEngine.ts": {"lines":{"total":914,"covered":617,"skipped":0,"pct":67.5},"functions":{"total":33,"covered":19,"skipped":0,"pct":57.57},"statements":{"total":914,"covered":617,"skipped":0,"pct":67.5},"branches":{"total":81,"covered":46,"skipped":0,"pct":56.79}}
,"/var/www/evabot-backend/src/core/AutoModelRouter.ts": {"lines":{"total":348,"covered":329,"skipped":0,"pct":94.54},"functions":{"total":16,"covered":15,"skipped":0,"pct":93.75},"statements":{"total":348,"covered":329,"skipped":0,"pct":94.54},"branches":{"total":75,"covered":58,"skipped":0,"pct":77.33}}
,"/var/www/evabot-backend/src/core/BootDiagnostics.ts": {"lines":{"total":203,"covered":69,"skipped":0,"pct":33.99},"functions":{"total":3,"covered":2,"skipped":0,"pct":66.66},"statements":{"total":203,"covered":69,"skipped":0,"pct":33.99},"branches":{"total":2,"covered":2,"skipped":0,"pct":100}}
,"/var/www/evabot-backend/src/core/ChatHistoryStore.ts": {"lines":{"total":255,"covered":227,"skipped":0,"pct":89.01},"functions":{"total":17,"covered":17,"skipped":0,"pct":100},"statements":{"total":255,"covered":227,"skipped":0,"pct":89.01},"branches":{"total":55,"covered":31,"skipped":0,"pct":56.36}}
,"/var/www/evabot-backend/src/core/ChatSession.ts": {"lines":{"total":122,"covered":122,"skipped":0,"pct":100},"functions":{"total":14,"covered":14,"skipped":0,"pct":100},"statements":{"total":122,"covered":122,"skipped":0,"pct":100},"branches":{"total":24,"covered":24,"skipped":0,"pct":100}}
,"/var/www/evabot-backend/src/core/CloudSTT.ts": {"lines":{"total":297,"covered":286,"skipped":0,"pct":96.29},"functions":{"total":15,"covered":15,"skipped":0,"pct":100},"statements":{"total":297,"covered":286,"skipped":0,"pct":96.29},"branches":{"total":71,"covered":54,"skipped":0,"pct":76.05}}
,"/var/www/evabot-backend/src/core/CloudTTS.ts": {"lines":{"total":562,"covered":480,"skipped":0,"pct":85.4},"functions":{"total":32,"covered":27,"skipped":0,"pct":84.37},"statements":{"total":562,"covered":480,"skipped":0,"pct":85.4},"branches":{"total":98,"covered":75,"skipped":0,"pct":76.53}}
,"/var/www/evabot-backend/src/core/ClusterMonitor.ts": {"lines":{"total":332,"covered":278,"skipped":0,"pct":83.73},"functions":{"total":9,"covered":8,"skipped":0,"pct":88.88},"statements":{"total":332,"covered":278,"skipped":0,"pct":83.73},"branches":{"total":47,"covered":20,"skipped":0,"pct":42.55}}
,"/var/www/evabot-backend/src/core/CompanyKnowledge.ts": {"lines":{"total":247,"covered":237,"skipped":0,"pct":95.95},"functions":{"total":8,"covered":6,"skipped":0,"pct":75},"statements":{"total":247,"covered":237,"skipped":0,"pct":95.95},"branches":{"total":26,"covered":18,"skipped":0,"pct":69.23}}
,"/var/www/evabot-backend/src/core/Config.ts": {"lines":{"total":95,"covered":91,"skipped":0,"pct":95.78},"functions":{"total":2,"covered":2,"skipped":0,"pct":100},"statements":{"total":95,"covered":91,"skipped":0,"pct":95.78},"branches":{"total":15,"covered":6,"skipped":0,"pct":40}}
,"/var/www/evabot-backend/src/core/ConsiliumEngine.ts": {"lines":{"total":993,"covered":846,"skipped":0,"pct":85.19},"functions":{"total":14,"covered":13,"skipped":0,"pct":92.85},"statements":{"total":993,"covered":846,"skipped":0,"pct":85.19},"branches":{"total":133,"covered":109,"skipped":0,"pct":81.95}}
,"/var/www/evabot-backend/src/core/CorporateRoles.ts": {"lines":{"total":511,"covered":499,"skipped":0,"pct":97.65},"functions":{"total":6,"covered":6,"skipped":0,"pct":100},"statements":{"total":511,"covered":499,"skipped":0,"pct":97.65},"branches":{"total":29,"covered":21,"skipped":0,"pct":72.41}}
,"/var/www/evabot-backend/src/core/DeveloperMode.ts": {"lines":{"total":160,"covered":160,"skipped":0,"pct":100},"functions":{"total":16,"covered":16,"skipped":0,"pct":100},"statements":{"total":160,"covered":160,"skipped":0,"pct":100},"branches":{"total":52,"covered":44,"skipped":0,"pct":84.61}}
,"/var/www/evabot-backend/src/core/GeminiClient.ts": {"lines":{"total":461,"covered":342,"skipped":0,"pct":74.18},"functions":{"total":13,"covered":12,"skipped":0,"pct":92.3},"statements":{"total":461,"covered":342,"skipped":0,"pct":74.18},"branches":{"total":65,"covered":46,"skipped":0,"pct":70.76}}
,"/var/www/evabot-backend/src/core/GoogleAuthProvider.ts": {"lines":{"total":194,"covered":113,"skipped":0,"pct":58.24},"functions":{"total":6,"covered":4,"skipped":0,"pct":66.66},"statements":{"total":194,"covered":113,"skipped":0,"pct":58.24},"branches":{"total":13,"covered":8,"skipped":0,"pct":61.53}}
,"/var/www/evabot-backend/src/core/I18nEngine.ts": {"lines":{"total":301,"covered":301,"skipped":0,"pct":100},"functions":{"total":7,"covered":7,"skipped":0,"pct":100},"statements":{"total":301,"covered":301,"skipped":0,"pct":100},"branches":{"total":22,"covered":20,"skipped":0,"pct":90.9}}
,"/var/www/evabot-backend/src/core/KnowledgeBase.ts": {"lines":{"total":467,"covered":359,"skipped":0,"pct":76.87},"functions":{"total":19,"covered":14,"skipped":0,"pct":73.68},"statements":{"total":467,"covered":359,"skipped":0,"pct":76.87},"branches":{"total":100,"covered":73,"skipped":0,"pct":73}}
,"/var/www/evabot-backend/src/core/LocalePolicy.ts": {"lines":{"total":44,"covered":44,"skipped":0,"pct":100},"functions":{"total":2,"covered":2,"skipped":0,"pct":100},"statements":{"total":44,"covered":44,"skipped":0,"pct":100},"branches":{"total":2,"covered":2,"skipped":0,"pct":100}}
,"/var/www/evabot-backend/src/core/Logger.ts": {"lines":{"total":275,"covered":238,"skipped":0,"pct":86.54},"functions":{"total":22,"covered":17,"skipped":0,"pct":77.27},"statements":{"total":275,"covered":238,"skipped":0,"pct":86.54},"branches":{"total":53,"covered":30,"skipped":0,"pct":56.6}}
,"/var/www/evabot-backend/src/core/NewsEngine.ts": {"lines":{"total":395,"covered":366,"skipped":0,"pct":92.65},"functions":{"total":14,"covered":14,"skipped":0,"pct":100},"statements":{"total":395,"covered":366,"skipped":0,"pct":92.65},"branches":{"total":65,"covered":42,"skipped":0,"pct":64.61}}
,"/var/www/evabot-backend/src/core/OpLog.ts": {"lines":{"total":214,"covered":208,"skipped":0,"pct":97.19},"functions":{"total":15,"covered":15,"skipped":0,"pct":100},"statements":{"total":214,"covered":208,"skipped":0,"pct":97.19},"branches":{"total":47,"covered":41,"skipped":0,"pct":87.23}}
,"/var/www/evabot-backend/src/core/ProductCatalog.ts": {"lines":{"total":258,"covered":239,"skipped":0,"pct":92.63},"functions":{"total":15,"covered":14,"skipped":0,"pct":93.33},"statements":{"total":258,"covered":239,"skipped":0,"pct":92.63},"branches":{"total":43,"covered":29,"skipped":0,"pct":67.44}}
,"/var/www/evabot-backend/src/core/Resilience.ts": {"lines":{"total":279,"covered":269,"skipped":0,"pct":96.41},"functions":{"total":20,"covered":18,"skipped":0,"pct":90},"statements":{"total":279,"covered":269,"skipped":0,"pct":96.41},"branches":{"total":70,"covered":57,"skipped":0,"pct":81.42}}
,"/var/www/evabot-backend/src/core/RoomManager.ts": {"lines":{"total":94,"covered":10,"skipped":0,"pct":10.63},"functions":{"total":3,"covered":2,"skipped":0,"pct":66.66},"statements":{"total":94,"covered":10,"skipped":0,"pct":10.63},"branches":{"total":3,"covered":2,"skipped":0,"pct":66.66}}
,"/var/www/evabot-backend/src/core/RulesEngine.ts": {"lines":{"total":210,"covered":202,"skipped":0,"pct":96.19},"functions":{"total":14,"covered":13,"skipped":0,"pct":92.85},"statements":{"total":210,"covered":202,"skipped":0,"pct":96.19},"branches":{"total":27,"covered":19,"skipped":0,"pct":70.37}}
,"/var/www/evabot-backend/src/core/Security.ts": {"lines":{"total":178,"covered":149,"skipped":0,"pct":83.7},"functions":{"total":9,"covered":8,"skipped":0,"pct":88.88},"statements":{"total":178,"covered":149,"skipped":0,"pct":83.7},"branches":{"total":19,"covered":15,"skipped":0,"pct":78.94}}
,"/var/www/evabot-backend/src/core/SephirotEngine.ts": {"lines":{"total":352,"covered":248,"skipped":0,"pct":70.45},"functions":{"total":8,"covered":2,"skipped":0,"pct":25},"statements":{"total":352,"covered":248,"skipped":0,"pct":70.45},"branches":{"total":2,"covered":2,"skipped":0,"pct":100}}
,"/var/www/evabot-backend/src/core/SystemContext.ts": {"lines":{"total":123,"covered":115,"skipped":0,"pct":93.49},"functions":{"total":8,"covered":7,"skipped":0,"pct":87.5},"statements":{"total":123,"covered":115,"skipped":0,"pct":93.49},"branches":{"total":22,"covered":16,"skipped":0,"pct":72.72}}
,"/var/www/evabot-backend/src/core/Translator.ts": {"lines":{"total":234,"covered":217,"skipped":0,"pct":92.73},"functions":{"total":11,"covered":10,"skipped":0,"pct":90.9},"statements":{"total":234,"covered":217,"skipped":0,"pct":92.73},"branches":{"total":40,"covered":30,"skipped":0,"pct":75}}
,"/var/www/evabot-backend/src/core/TuiRenderer.ts": {"lines":{"total":939,"covered":918,"skipped":0,"pct":97.76},"functions":{"total":10,"covered":10,"skipped":0,"pct":100},"statements":{"total":939,"covered":918,"skipped":0,"pct":97.76},"branches":{"total":57,"covered":36,"skipped":0,"pct":63.15}}
,"/var/www/evabot-backend/src/core/UniversalLlmClient.ts": {"lines":{"total":531,"covered":342,"skipped":0,"pct":64.4},"functions":{"total":17,"covered":14,"skipped":0,"pct":82.35},"statements":{"total":531,"covered":342,"skipped":0,"pct":64.4},"branches":{"total":79,"covered":55,"skipped":0,"pct":69.62}}
,"/var/www/evabot-backend/src/core/plugin-system/PluginManager.ts": {"lines":{"total":198,"covered":164,"skipped":0,"pct":82.82},"functions":{"total":21,"covered":17,"skipped":0,"pct":80.95},"statements":{"total":198,"covered":164,"skipped":0,"pct":82.82},"branches":{"total":41,"covered":31,"skipped":0,"pct":75.6}}
,"/var/www/evabot-backend/src/core/plugin-system/types.ts": {"lines":{"total":68,"covered":68,"skipped":0,"pct":100},"functions":{"total":10,"covered":10,"skipped":0,"pct":100},"statements":{"total":68,"covered":68,"skipped":0,"pct":100},"branches":{"total":14,"covered":14,"skipped":0,"pct":100}}
,"/var/www/evabot-backend/src/models/ModelRatings.ts": {"lines":{"total":1798,"covered":1175,"skipped":0,"pct":65.35},"functions":{"total":61,"covered":37,"skipped":0,"pct":60.65},"statements":{"total":1798,"covered":1175,"skipped":0,"pct":65.35},"branches":{"total":379,"covered":299,"skipped":0,"pct":78.89}}
,"/var/www/evabot-backend/src/models/ModelRegistry.ts": {"lines":{"total":1760,"covered":1754,"skipped":0,"pct":99.65},"functions":{"total":15,"covered":12,"skipped":0,"pct":80},"statements":{"total":1760,"covered":1754,"skipped":0,"pct":99.65},"branches":{"total":24,"covered":21,"skipped":0,"pct":87.5}}
,"/var/www/evabot-backend/src/plugins/consilium/index.ts": {"lines":{"total":380,"covered":251,"skipped":0,"pct":66.05},"functions":{"total":14,"covered":14,"skipped":0,"pct":100},"statements":{"total":380,"covered":251,"skipped":0,"pct":66.05},"branches":{"total":41,"covered":22,"skipped":0,"pct":53.65}}
,"/var/www/evabot-backend/src/plugins/knowledge-base/index.ts": {"lines":{"total":313,"covered":262,"skipped":0,"pct":83.7},"functions":{"total":17,"covered":17,"skipped":0,"pct":100},"statements":{"total":313,"covered":262,"skipped":0,"pct":83.7},"branches":{"total":97,"covered":93,"skipped":0,"pct":95.87}}
,"/var/www/evabot-backend/src/plugins/llm-providers/index.ts": {"lines":{"total":306,"covered":221,"skipped":0,"pct":72.22},"functions":{"total":17,"covered":15,"skipped":0,"pct":88.23},"statements":{"total":306,"covered":221,"skipped":0,"pct":72.22},"branches":{"total":43,"covered":38,"skipped":0,"pct":88.37}}
,"/var/www/evabot-backend/src/server/server.ts": {"lines":{"total":311,"covered":215,"skipped":0,"pct":69.13},"functions":{"total":9,"covered":6,"skipped":0,"pct":66.66},"statements":{"total":311,"covered":215,"skipped":0,"pct":69.13},"branches":{"total":45,"covered":28,"skipped":0,"pct":62.22}}
,"/var/www/evabot-backend/src/server/routes/AlertsRouter.ts": {"lines":{"total":41,"covered":41,"skipped":0,"pct":100},"functions":{"total":2,"covered":2,"skipped":0,"pct":100},"statements":{"total":41,"covered":41,"skipped":0,"pct":100},"branches":{"total":12,"covered":12,"skipped":0,"pct":100}}
,"/var/www/evabot-backend/src/server/routes/ChatRouter.ts": {"lines":{"total":307,"covered":285,"skipped":0,"pct":92.83},"functions":{"total":7,"covered":7,"skipped":0,"pct":100},"statements":{"total":307,"covered":285,"skipped":0,"pct":92.83},"branches":{"total":80,"covered":57,"skipped":0,"pct":71.25}}
,"/var/www/evabot-backend/src/server/routes/LogsRouter.ts": {"lines":{"total":30,"covered":30,"skipped":0,"pct":100},"functions":{"total":2,"covered":2,"skipped":0,"pct":100},"statements":{"total":30,"covered":30,"skipped":0,"pct":100},"branches":{"total":8,"covered":6,"skipped":0,"pct":75}}
,"/var/www/evabot-backend/src/server/routes/ModelsRouter.ts": {"lines":{"total":77,"covered":77,"skipped":0,"pct":100},"functions":{"total":2,"covered":2,"skipped":0,"pct":100},"statements":{"total":77,"covered":77,"skipped":0,"pct":100},"branches":{"total":24,"covered":19,"skipped":0,"pct":79.16}}
,"/var/www/evabot-backend/src/server/routes/PluginsRouter.ts": {"lines":{"total":46,"covered":42,"skipped":0,"pct":91.3},"functions":{"total":2,"covered":2,"skipped":0,"pct":100},"statements":{"total":46,"covered":42,"skipped":0,"pct":91.3},"branches":{"total":13,"covered":7,"skipped":0,"pct":53.84}}
,"/var/www/evabot-backend/src/server/routes/Router.ts": {"lines":{"total":106,"covered":106,"skipped":0,"pct":100},"functions":{"total":12,"covered":10,"skipped":0,"pct":83.33},"statements":{"total":106,"covered":106,"skipped":0,"pct":100},"branches":{"total":35,"covered":30,"skipped":0,"pct":85.71}}
,"/var/www/evabot-backend/src/server/routes/SecurityRouter.ts": {"lines":{"total":39,"covered":39,"skipped":0,"pct":100},"functions":{"total":2,"covered":2,"skipped":0,"pct":100},"statements":{"total":39,"covered":39,"skipped":0,"pct":100},"branches":{"total":9,"covered":8,"skipped":0,"pct":88.88}}
,"/var/www/evabot-backend/src/server/routes/VoiceRouter.ts": {"lines":{"total":157,"covered":147,"skipped":0,"pct":93.63},"functions":{"total":7,"covered":7,"skipped":0,"pct":100},"statements":{"total":157,"covered":147,"skipped":0,"pct":93.63},"branches":{"total":70,"covered":55,"skipped":0,"pct":78.57}}
,"/var/www/evabot-backend/src/telegram/ChatEngine.ts": {"lines":{"total":134,"covered":130,"skipped":0,"pct":97.01},"functions":{"total":7,"covered":7,"skipped":0,"pct":100},"statements":{"total":134,"covered":130,"skipped":0,"pct":97.01},"branches":{"total":25,"covered":20,"skipped":0,"pct":80}}
,"/var/www/evabot-backend/src/telegram/TelegramBot.ts": {"lines":{"total":377,"covered":360,"skipped":0,"pct":95.49},"functions":{"total":25,"covered":21,"skipped":0,"pct":84},"statements":{"total":377,"covered":360,"skipped":0,"pct":95.49},"branches":{"total":106,"covered":95,"skipped":0,"pct":89.62}}
}
